<?xml version="1.0" encoding="UTF-8"?>
<testsuite name="db.ADHandlerTest" time="0" tests="1" errors="0" skipped="1" failures="0">
  <properties>
[...]
</properties>
  <testcase name="db.ADHandlerTest" classname="db.ADHandlerTest" time="0">
    <skipped/>
    <system-out><![CDATA[16:43:42.691 [main] DEBUG org.hibernate.boot.registry.classloading.internal.ClassLoaderServiceImpl - Incoming config yielded no classloaders; adding standard SE ones
16:43:42.692 [main] DEBUG org.hibernate.jpa.HibernatePersistenceProvider - Located and parsed 1 persistence units; checking each
16:43:42.692 [main] DEBUG org.hibernate.jpa.HibernatePersistenceProvider - Checking persistence-unit [name=EquipmentManager, explicit-provider=org.hibernate.ejb.HibernatePersistence] against incoming persistence unit name [EquipmentManager]
16:43:42.692 [main] DEBUG org.hibernate.jpa.boot.spi.ProviderChecker - Persistence-unit [EquipmentManager] requested PersistenceProvider [org.hibernate.ejb.HibernatePersistence]
16:43:42.693 [main] DEBUG org.hibernate.jpa.internal.util.LogHelper - PersistenceUnitInfo [
	name: EquipmentManager
	persistence provider classname: org.hibernate.ejb.HibernatePersistence
	classloader: null
	excludeUnlistedClasses: false
	JTA datasource: null
	Non JTA datasource: null
	Transaction type: RESOURCE_LOCAL
	PU root URL: file:/C:/Users/samik/git/EquipmentManager/target/classes/
	Shared Cache Mode: null
	Validation Mode: null
	Jar files URLs []
	Managed classes names [
		model.Employee
		model.Equipment
		model.Equipmenttype
		model.Reservation]
	Mapping files names []
	Properties [
		javax.persistence.jdbc.driver: com.mysql.jdbc.Driver
		javax.persistence.jdbc.password: testpwd
		javax.persistence.jdbc.url: jdbc:mysql://localhost:3306/emanager_testdb
		javax.persistence.jdbc.user: testdbuser]
16:43:42.693 [main] DEBUG org.hibernate.integrator.internal.IntegratorServiceImpl - Adding Integrator [org.hibernate.cfg.beanvalidation.BeanValidationIntegrator].
16:43:42.693 [main] DEBUG org.hibernate.integrator.internal.IntegratorServiceImpl - Adding Integrator [org.hibernate.secure.spi.JaccIntegrator].
16:43:42.693 [main] DEBUG org.hibernate.integrator.internal.IntegratorServiceImpl - Adding Integrator [org.hibernate.cache.internal.CollectionCacheInvalidator].
16:43:42.693 [main] DEBUG org.hibernate.integrator.internal.IntegratorServiceImpl - Adding Integrator [org.hibernate.jpa.event.spi.JpaIntegrator].
16:43:42.693 [main] DEBUG org.hibernate.service.spi.ServiceBinding - Overriding existing service binding [org.hibernate.secure.spi.JaccService]
16:43:42.693 [main] DEBUG org.hibernate.cache.internal.RegionFactoryInitiator - Cache region factory : org.hibernate.cache.internal.NoCachingRegionFactory
16:43:42.698 [main] DEBUG org.hibernate.type.BasicTypeRegistry - Adding type registration boolean -> org.hibernate.type.BooleanType@5bf0fe62
16:43:42.698 [main] DEBUG org.hibernate.type.BasicTypeRegistry - Adding type registration boolean -> org.hibernate.type.BooleanType@5bf0fe62
16:43:42.698 [main] DEBUG org.hibernate.type.BasicTypeRegistry - Adding type registration java.lang.Boolean -> org.hibernate.type.BooleanType@5bf0fe62
16:43:42.698 [main] DEBUG org.hibernate.type.BasicTypeRegistry - Adding type registration numeric_boolean -> org.hibernate.type.NumericBooleanType@3fed2870
16:43:42.698 [main] DEBUG org.hibernate.type.BasicTypeRegistry - Adding type registration true_false -> org.hibernate.type.TrueFalseType@4f5991f6
16:43:42.698 [main] DEBUG org.hibernate.type.BasicTypeRegistry - Adding type registration yes_no -> org.hibernate.type.YesNoType@602e0143
16:43:42.698 [main] DEBUG org.hibernate.type.BasicTypeRegistry - Adding type registration byte -> org.hibernate.type.ByteType@545b995e
16:43:42.698 [main] DEBUG org.hibernate.type.BasicTypeRegistry - Adding type registration byte -> org.hibernate.type.ByteType@545b995e
16:43:42.698 [main] DEBUG org.hibernate.type.BasicTypeRegistry - Adding type registration java.lang.Byte -> org.hibernate.type.ByteType@545b995e
16:43:42.698 [main] DEBUG org.hibernate.type.BasicTypeRegistry - Adding type registration character -> org.hibernate.type.CharacterType@77102b91
16:43:42.698 [main] DEBUG org.hibernate.type.BasicTypeRegistry - Adding type registration char -> org.hibernate.type.CharacterType@77102b91
16:43:42.698 [main] DEBUG org.hibernate.type.BasicTypeRegistry - Adding type registration java.lang.Character -> org.hibernate.type.CharacterType@77102b91
16:43:42.698 [main] DEBUG org.hibernate.type.BasicTypeRegistry - Adding type registration short -> org.hibernate.type.ShortType@3d3e5463
16:43:42.698 [main] DEBUG org.hibernate.type.BasicTypeRegistry - Adding type registration short -> org.hibernate.type.ShortType@3d3e5463
16:43:42.698 [main] DEBUG org.hibernate.type.BasicTypeRegistry - Adding type registration java.lang.Short -> org.hibernate.type.ShortType@3d3e5463
16:43:42.699 [main] DEBUG org.hibernate.type.BasicTypeRegistry - Adding type registration integer -> org.hibernate.type.IntegerType@466276d8
16:43:42.699 [main] DEBUG org.hibernate.type.BasicTypeRegistry - Adding type registration int -> org.hibernate.type.IntegerType@466276d8
16:43:42.699 [main] DEBUG org.hibernate.type.BasicTypeRegistry - Adding type registration java.lang.Integer -> org.hibernate.type.IntegerType@466276d8
16:43:42.699 [main] DEBUG org.hibernate.type.BasicTypeRegistry - Adding type registration long -> org.hibernate.type.LongType@53f6fd09
16:43:42.699 [main] DEBUG org.hibernate.type.BasicTypeRegistry - Adding type registration long -> org.hibernate.type.LongType@53f6fd09
16:43:42.699 [main] DEBUG org.hibernate.type.BasicTypeRegistry - Adding type registration java.lang.Long -> org.hibernate.type.LongType@53f6fd09
16:43:42.699 [main] DEBUG org.hibernate.type.BasicTypeRegistry - Adding type registration float -> org.hibernate.type.FloatType@5bf8fa12
16:43:42.699 [main] DEBUG org.hibernate.type.BasicTypeRegistry - Adding type registration float -> org.hibernate.type.FloatType@5bf8fa12
16:43:42.699 [main] DEBUG org.hibernate.type.BasicTypeRegistry - Adding type registration java.lang.Float -> org.hibernate.type.FloatType@5bf8fa12
16:43:42.699 [main] DEBUG org.hibernate.type.BasicTypeRegistry - Adding type registration double -> org.hibernate.type.DoubleType@2f16c6b3
16:43:42.699 [main] DEBUG org.hibernate.type.BasicTypeRegistry - Adding type registration double -> org.hibernate.type.DoubleType@2f16c6b3
16:43:42.699 [main] DEBUG org.hibernate.type.BasicTypeRegistry - Adding type registration java.lang.Double -> org.hibernate.type.DoubleType@2f16c6b3
16:43:42.699 [main] DEBUG org.hibernate.type.BasicTypeRegistry - Adding type registration big_decimal -> org.hibernate.type.BigDecimalType@6d025197
16:43:42.699 [main] DEBUG org.hibernate.type.BasicTypeRegistry - Adding type registration java.math.BigDecimal -> org.hibernate.type.BigDecimalType@6d025197
16:43:42.699 [main] DEBUG org.hibernate.type.BasicTypeRegistry - Adding type registration big_integer -> org.hibernate.type.BigIntegerType@1b955cac
16:43:42.699 [main] DEBUG org.hibernate.type.BasicTypeRegistry - Adding type registration java.math.BigInteger -> org.hibernate.type.BigIntegerType@1b955cac
16:43:42.699 [main] DEBUG org.hibernate.type.BasicTypeRegistry - Adding type registration string -> org.hibernate.type.StringType@6eb2384f
16:43:42.699 [main] DEBUG org.hibernate.type.BasicTypeRegistry - Adding type registration java.lang.String -> org.hibernate.type.StringType@6eb2384f
16:43:42.699 [main] DEBUG org.hibernate.type.BasicTypeRegistry - Adding type registration nstring -> org.hibernate.type.StringNVarcharType@7e6ef134
16:43:42.699 [main] DEBUG org.hibernate.type.BasicTypeRegistry - Adding type registration ncharacter -> org.hibernate.type.CharacterNCharType@7f132176
16:43:42.699 [main] DEBUG org.hibernate.type.BasicTypeRegistry - Adding type registration url -> org.hibernate.type.UrlType@68b32e3e
16:43:42.699 [main] DEBUG org.hibernate.type.BasicTypeRegistry - Adding type registration java.net.URL -> org.hibernate.type.UrlType@68b32e3e
16:43:42.699 [main] DEBUG org.hibernate.type.BasicTypeRegistry - Adding type registration date -> org.hibernate.type.DateType@39655d3e
16:43:42.699 [main] DEBUG org.hibernate.type.BasicTypeRegistry - Adding type registration java.sql.Date -> org.hibernate.type.DateType@39655d3e
16:43:42.699 [main] DEBUG org.hibernate.type.BasicTypeRegistry - Adding type registration time -> org.hibernate.type.TimeType@53de625d
16:43:42.699 [main] DEBUG org.hibernate.type.BasicTypeRegistry - Adding type registration java.sql.Time -> org.hibernate.type.TimeType@53de625d
16:43:42.699 [main] DEBUG org.hibernate.type.BasicTypeRegistry - Adding type registration timestamp -> org.hibernate.type.TimestampType@7b94089b
16:43:42.699 [main] DEBUG org.hibernate.type.BasicTypeRegistry - Adding type registration java.sql.Timestamp -> org.hibernate.type.TimestampType@7b94089b
16:43:42.699 [main] DEBUG org.hibernate.type.BasicTypeRegistry - Adding type registration java.util.Date -> org.hibernate.type.TimestampType@7b94089b
16:43:42.699 [main] DEBUG org.hibernate.type.BasicTypeRegistry - Adding type registration dbtimestamp -> org.hibernate.type.DbTimestampType@3a5ecce3
16:43:42.699 [main] DEBUG org.hibernate.type.BasicTypeRegistry - Adding type registration calendar -> org.hibernate.type.CalendarType@42bc14c1
16:43:42.699 [main] DEBUG org.hibernate.type.BasicTypeRegistry - Adding type registration java.util.Calendar -> org.hibernate.type.CalendarType@42bc14c1
16:43:42.699 [main] DEBUG org.hibernate.type.BasicTypeRegistry - Adding type registration java.util.GregorianCalendar -> org.hibernate.type.CalendarType@42bc14c1
16:43:42.699 [main] DEBUG org.hibernate.type.BasicTypeRegistry - Adding type registration calendar_date -> org.hibernate.type.CalendarDateType@6f3c660a
16:43:42.699 [main] DEBUG org.hibernate.type.BasicTypeRegistry - Adding type registration locale -> org.hibernate.type.LocaleType@79179359
16:43:42.699 [main] DEBUG org.hibernate.type.BasicTypeRegistry - Adding type registration java.util.Locale -> org.hibernate.type.LocaleType@79179359
16:43:42.699 [main] DEBUG org.hibernate.type.BasicTypeRegistry - Adding type registration currency -> org.hibernate.type.CurrencyType@3a0baae5
16:43:42.699 [main] DEBUG org.hibernate.type.BasicTypeRegistry - Adding type registration java.util.Currency -> org.hibernate.type.CurrencyType@3a0baae5
16:43:42.699 [main] DEBUG org.hibernate.type.BasicTypeRegistry - Adding type registration timezone -> org.hibernate.type.TimeZoneType@4c51cf28
16:43:42.699 [main] DEBUG org.hibernate.type.BasicTypeRegistry - Adding type registration java.util.TimeZone -> org.hibernate.type.TimeZoneType@4c51cf28
16:43:42.699 [main] DEBUG org.hibernate.type.BasicTypeRegistry - Adding type registration class -> org.hibernate.type.ClassType@5b1ebf56
16:43:42.699 [main] DEBUG org.hibernate.type.BasicTypeRegistry - Adding type registration java.lang.Class -> org.hibernate.type.ClassType@5b1ebf56
16:43:42.699 [main] DEBUG org.hibernate.type.BasicTypeRegistry - Adding type registration uuid-binary -> org.hibernate.type.UUIDBinaryType@78383390
16:43:42.699 [main] DEBUG org.hibernate.type.BasicTypeRegistry - Adding type registration java.util.UUID -> org.hibernate.type.UUIDBinaryType@78383390
16:43:42.699 [main] DEBUG org.hibernate.type.BasicTypeRegistry - Adding type registration uuid-char -> org.hibernate.type.UUIDCharType@34a875b3
16:43:42.699 [main] DEBUG org.hibernate.type.BasicTypeRegistry - Adding type registration binary -> org.hibernate.type.BinaryType@176b3f44
16:43:42.699 [main] DEBUG org.hibernate.type.BasicTypeRegistry - Adding type registration byte[] -> org.hibernate.type.BinaryType@176b3f44
16:43:42.699 [main] DEBUG org.hibernate.type.BasicTypeRegistry - Adding type registration [B -> org.hibernate.type.BinaryType@176b3f44
16:43:42.699 [main] DEBUG org.hibernate.type.BasicTypeRegistry - Adding type registration wrapper-binary -> org.hibernate.type.WrapperBinaryType@31bcf236
16:43:42.699 [main] DEBUG org.hibernate.type.BasicTypeRegistry - Adding type registration Byte[] -> org.hibernate.type.WrapperBinaryType@31bcf236
16:43:42.699 [main] DEBUG org.hibernate.type.BasicTypeRegistry - Adding type registration [Ljava.lang.Byte; -> org.hibernate.type.WrapperBinaryType@31bcf236
16:43:42.699 [main] DEBUG org.hibernate.type.BasicTypeRegistry - Adding type registration row_version -> org.hibernate.type.RowVersionType@22d7b4f8
16:43:42.699 [main] DEBUG org.hibernate.type.BasicTypeRegistry - Adding type registration image -> org.hibernate.type.ImageType@4f1bfe23
16:43:42.699 [main] DEBUG org.hibernate.type.BasicTypeRegistry - Adding type registration characters -> org.hibernate.type.CharArrayType@3f270e0a
16:43:42.699 [main] DEBUG org.hibernate.type.BasicTypeRegistry - Adding type registration char[] -> org.hibernate.type.CharArrayType@3f270e0a
16:43:42.699 [main] DEBUG org.hibernate.type.BasicTypeRegistry - Adding type registration [C -> org.hibernate.type.CharArrayType@3f270e0a
16:43:42.699 [main] DEBUG org.hibernate.type.BasicTypeRegistry - Adding type registration wrapper-characters -> org.hibernate.type.CharacterArrayType@7e3181aa
16:43:42.699 [main] DEBUG org.hibernate.type.BasicTypeRegistry - Adding type registration [Ljava.lang.Character; -> org.hibernate.type.CharacterArrayType@7e3181aa
16:43:42.699 [main] DEBUG org.hibernate.type.BasicTypeRegistry - Adding type registration Character[] -> org.hibernate.type.CharacterArrayType@7e3181aa
16:43:42.699 [main] DEBUG org.hibernate.type.BasicTypeRegistry - Adding type registration text -> org.hibernate.type.TextType@6aa3a905
16:43:42.699 [main] DEBUG org.hibernate.type.BasicTypeRegistry - Adding type registration ntext -> org.hibernate.type.NTextType@2445445a
16:43:42.699 [main] DEBUG org.hibernate.type.BasicTypeRegistry - Adding type registration blob -> org.hibernate.type.BlobType@35229f85
16:43:42.699 [main] DEBUG org.hibernate.type.BasicTypeRegistry - Adding type registration java.sql.Blob -> org.hibernate.type.BlobType@35229f85
16:43:42.699 [main] DEBUG org.hibernate.type.BasicTypeRegistry - Adding type registration materialized_blob -> org.hibernate.type.MaterializedBlobType@4879dfad
16:43:42.699 [main] DEBUG org.hibernate.type.BasicTypeRegistry - Adding type registration clob -> org.hibernate.type.ClobType@3212a8d7
16:43:42.699 [main] DEBUG org.hibernate.type.BasicTypeRegistry - Adding type registration java.sql.Clob -> org.hibernate.type.ClobType@3212a8d7
16:43:42.699 [main] DEBUG org.hibernate.type.BasicTypeRegistry - Adding type registration nclob -> org.hibernate.type.NClobType@6399551e
16:43:42.699 [main] DEBUG org.hibernate.type.BasicTypeRegistry - Adding type registration java.sql.NClob -> org.hibernate.type.NClobType@6399551e
16:43:42.699 [main] DEBUG org.hibernate.type.BasicTypeRegistry - Adding type registration materialized_clob -> org.hibernate.type.MaterializedClobType@74c79fa2
16:43:42.699 [main] DEBUG org.hibernate.type.BasicTypeRegistry - Adding type registration materialized_nclob -> org.hibernate.type.MaterializedNClobType@3e30646a
16:43:42.699 [main] DEBUG org.hibernate.type.BasicTypeRegistry - Adding type registration serializable -> org.hibernate.type.SerializableType@2d96543c
16:43:42.699 [main] DEBUG org.hibernate.type.BasicTypeRegistry - Adding type registration object -> org.hibernate.type.ObjectType@2a640157
16:43:42.699 [main] DEBUG org.hibernate.type.BasicTypeRegistry - Adding type registration java.lang.Object -> org.hibernate.type.ObjectType@2a640157
16:43:42.699 [main] DEBUG org.hibernate.type.BasicTypeRegistry - Adding type registration imm_date -> org.hibernate.type.AdaptedImmutableType@640b56f6
16:43:42.699 [main] DEBUG org.hibernate.type.BasicTypeRegistry - Adding type registration imm_time -> org.hibernate.type.AdaptedImmutableType@7bf6934d
16:43:42.699 [main] DEBUG org.hibernate.type.BasicTypeRegistry - Adding type registration imm_timestamp -> org.hibernate.type.AdaptedImmutableType@49ce6386
16:43:42.699 [main] DEBUG org.hibernate.type.BasicTypeRegistry - Adding type registration imm_dbtimestamp -> org.hibernate.type.AdaptedImmutableType@518e176a
16:43:42.699 [main] DEBUG org.hibernate.type.BasicTypeRegistry - Adding type registration imm_calendar -> org.hibernate.type.AdaptedImmutableType@6f8c574b
16:43:42.699 [main] DEBUG org.hibernate.type.BasicTypeRegistry - Adding type registration imm_calendar_date -> org.hibernate.type.AdaptedImmutableType@20afcd0c
16:43:42.699 [main] DEBUG org.hibernate.type.BasicTypeRegistry - Adding type registration imm_binary -> org.hibernate.type.AdaptedImmutableType@1ac748cc
16:43:42.699 [main] DEBUG org.hibernate.type.BasicTypeRegistry - Adding type registration imm_serializable -> org.hibernate.type.AdaptedImmutableType@3b5329b9
16:43:42.699 [main] WARN org.hibernate.orm.connections - HHH10001002: Using Hibernate built-in connection pool (not for production use!)
16:43:42.699 [main] INFO org.hibernate.orm.connections - HHH10001005: using driver [com.mysql.jdbc.Driver] at URL [jdbc:mysql://localhost:3306/emanager_testdb]
16:43:42.699 [main] INFO org.hibernate.orm.connections - HHH10001001: Connection properties: {password=testpwd, user=testdbuser}
16:43:42.699 [main] INFO org.hibernate.orm.connections - HHH10001003: Autocommit mode: false
16:43:42.699 [main] DEBUG org.hibernate.engine.jdbc.connections.internal.DriverManagerConnectionProviderImpl - Initializing Connection pool with 1 Connections
16:43:42.699 [main] INFO org.hibernate.engine.jdbc.connections.internal.DriverManagerConnectionProviderImpl - HHH000115: Hibernate connection pool size: 20 (min=1)
16:43:42.704 [main] DEBUG org.hibernate.engine.jdbc.env.internal.JdbcEnvironmentInitiator - Database ->
       name : MySQL
    version : 5.7.21-log
      major : 5
      minor : 7
16:43:42.704 [main] DEBUG org.hibernate.engine.jdbc.env.internal.JdbcEnvironmentInitiator - Driver ->
       name : MySQL Connector Java
    version : mysql-connector-java-5.1.40 ( Revision: 402933ef52cad9aa82624e80acbea46e3a701ce6 )
      major : 5
      minor : 1
16:43:42.704 [main] DEBUG org.hibernate.engine.jdbc.env.internal.JdbcEnvironmentInitiator - JDBC version : 4.0
16:43:42.704 [main] INFO org.hibernate.dialect.Dialect - HHH000400: Using dialect: org.hibernate.dialect.MySQL5Dialect
16:43:42.704 [main] DEBUG org.hibernate.engine.jdbc.env.spi.IdentifierHelperBuilder - JDBC driver metadata reported database stores quoted identifiers in more than one case
16:43:42.704 [main] DEBUG org.hibernate.engine.jdbc.env.spi.IdentifierHelperBuilder - IdentifierCaseStrategy for both quoted and unquoted identifiers was set to the same strategy [LOWER]; that will likely lead to problems in schema update and validation if using quoted identifiers
16:43:42.705 [main] DEBUG org.hibernate.id.factory.internal.DefaultIdentifierGeneratorFactory - Registering IdentifierGenerator strategy [uuid2] -> [org.hibernate.id.UUIDGenerator]
16:43:42.705 [main] DEBUG org.hibernate.id.factory.internal.DefaultIdentifierGeneratorFactory - Registering IdentifierGenerator strategy [guid] -> [org.hibernate.id.GUIDGenerator]
16:43:42.705 [main] DEBUG org.hibernate.id.factory.internal.DefaultIdentifierGeneratorFactory - Registering IdentifierGenerator strategy [uuid] -> [org.hibernate.id.UUIDHexGenerator]
16:43:42.705 [main] DEBUG org.hibernate.id.factory.internal.DefaultIdentifierGeneratorFactory - Registering IdentifierGenerator strategy [uuid.hex] -> [org.hibernate.id.UUIDHexGenerator]
16:43:42.705 [main] DEBUG org.hibernate.id.factory.internal.DefaultIdentifierGeneratorFactory - Registering IdentifierGenerator strategy [assigned] -> [org.hibernate.id.Assigned]
16:43:42.705 [main] DEBUG org.hibernate.id.factory.internal.DefaultIdentifierGeneratorFactory - Registering IdentifierGenerator strategy [identity] -> [org.hibernate.id.IdentityGenerator]
16:43:42.705 [main] DEBUG org.hibernate.id.factory.internal.DefaultIdentifierGeneratorFactory - Registering IdentifierGenerator strategy [select] -> [org.hibernate.id.SelectGenerator]
16:43:42.705 [main] DEBUG org.hibernate.id.factory.internal.DefaultIdentifierGeneratorFactory - Registering IdentifierGenerator strategy [sequence] -> [org.hibernate.id.enhanced.SequenceStyleGenerator]
16:43:42.705 [main] DEBUG org.hibernate.id.factory.internal.DefaultIdentifierGeneratorFactory - Registering IdentifierGenerator strategy [seqhilo] -> [org.hibernate.id.SequenceHiLoGenerator]
16:43:42.705 [main] DEBUG org.hibernate.id.factory.internal.DefaultIdentifierGeneratorFactory - Registering IdentifierGenerator strategy [increment] -> [org.hibernate.id.IncrementGenerator]
16:43:42.705 [main] DEBUG org.hibernate.id.factory.internal.DefaultIdentifierGeneratorFactory - Registering IdentifierGenerator strategy [foreign] -> [org.hibernate.id.ForeignGenerator]
16:43:42.705 [main] DEBUG org.hibernate.id.factory.internal.DefaultIdentifierGeneratorFactory - Registering IdentifierGenerator strategy [sequence-identity] -> [org.hibernate.id.SequenceIdentityGenerator]
16:43:42.705 [main] DEBUG org.hibernate.id.factory.internal.DefaultIdentifierGeneratorFactory - Registering IdentifierGenerator strategy [enhanced-sequence] -> [org.hibernate.id.enhanced.SequenceStyleGenerator]
16:43:42.705 [main] DEBUG org.hibernate.id.factory.internal.DefaultIdentifierGeneratorFactory - Registering IdentifierGenerator strategy [enhanced-table] -> [org.hibernate.id.enhanced.TableGenerator]
16:43:42.705 [main] DEBUG org.hibernate.boot.model.relational.Namespace - Created database namespace [logicalName=Name{catalog=null, schema=null}, physicalName=Name{catalog=null, schema=null}]
16:43:42.705 [main] DEBUG org.hibernate.cfg.AnnotationBinder - Binding entity from annotated class: model.Equipmenttype
16:43:42.705 [main] DEBUG org.hibernate.cfg.annotations.QueryBinder - Binding named native query: Equipmenttype.findAll => SELECT * FROM Equipmenttype ORDER BY TypeName ASC
16:43:42.705 [main] DEBUG org.hibernate.cfg.annotations.QueryBinder - Binding named native query: Equipmenttype.findByTypeCode => SELECT * FROM equipmenttype WHERE equipmenttype.TypeCode = ?
16:43:42.705 [main] DEBUG org.hibernate.cfg.annotations.QueryBinder - Binding named native query: Equipmenttype.findByEquipmentTypeId => SELECT * FROM equipmenttype WHERE equipmenttype.equipmentTypeId = ?
16:43:42.705 [main] DEBUG org.hibernate.cfg.annotations.QueryBinder - Binding named native query: Equipmenttype.findEquipmenttypesWithEquipment => SELECT DISTINCT equipmenttype.equipmentTypeId, equipmenttype.typeCode, equipmenttype.typeName FROM equipmenttype LEFT JOIN equipment ON equipmenttype.equipmentTypeId = equipment.equipmentTypeId WHERE equipmenttype.equipmentTypeId = equipment.equipmentTypeId AND equipment.status = 1 ORDER BY equipmenttype.typeName
16:43:42.705 [main] DEBUG org.hibernate.cfg.Ejb3Column - Binding column: Ejb3DiscriminatorColumn{logicalColumnName'DTYPE', discriminatorTypeName='string'}
16:43:42.705 [main] DEBUG org.hibernate.cfg.annotations.EntityBinder - Import with entity name Equipmenttype
16:43:42.705 [main] DEBUG org.hibernate.cfg.annotations.EntityBinder - Bind entity model.Equipmenttype on table Equipmenttype
16:43:42.705 [main] DEBUG org.hibernate.cfg.Ejb3Column - Binding column: Ejb3Column{table=org.hibernate.mapping.Table(Equipmenttype), mappingColumn=equipmentTypeId, insertable=true, updatable=true, unique=false}
16:43:42.705 [main] DEBUG org.hibernate.cfg.annotations.PropertyBinder - MetadataSourceProcessor property equipmentTypeId with lazy=false
16:43:42.705 [main] DEBUG org.hibernate.cfg.AbstractPropertyHolder - Attempting to locate auto-apply AttributeConverter for property [model.Equipmenttype:equipmentTypeId]
16:43:42.705 [main] DEBUG org.hibernate.cfg.annotations.SimpleValueBinder - building SimpleValue for equipmentTypeId
16:43:42.705 [main] DEBUG org.hibernate.cfg.annotations.PropertyBinder - Building property equipmentTypeId
16:43:42.705 [main] DEBUG org.hibernate.cfg.Ejb3Column - Binding column: Ejb3Column{table=org.hibernate.mapping.Table(Equipmenttype), mappingColumn=typeCode, insertable=true, updatable=true, unique=false}
16:43:42.705 [main] DEBUG org.hibernate.cfg.annotations.PropertyBinder - MetadataSourceProcessor property typeCode with lazy=false
16:43:42.705 [main] DEBUG org.hibernate.cfg.AbstractPropertyHolder - Attempting to locate auto-apply AttributeConverter for property [model.Equipmenttype:typeCode]
16:43:42.705 [main] DEBUG org.hibernate.cfg.annotations.SimpleValueBinder - building SimpleValue for typeCode
16:43:42.705 [main] DEBUG org.hibernate.cfg.annotations.PropertyBinder - Building property typeCode
16:43:42.705 [main] DEBUG org.hibernate.cfg.Ejb3Column - Binding column: Ejb3Column{table=org.hibernate.mapping.Table(Equipmenttype), mappingColumn=typeName, insertable=true, updatable=true, unique=false}
16:43:42.705 [main] DEBUG org.hibernate.cfg.annotations.PropertyBinder - MetadataSourceProcessor property typeName with lazy=false
16:43:42.705 [main] DEBUG org.hibernate.cfg.AbstractPropertyHolder - Attempting to locate auto-apply AttributeConverter for property [model.Equipmenttype:typeName]
16:43:42.705 [main] DEBUG org.hibernate.cfg.annotations.SimpleValueBinder - building SimpleValue for typeName
16:43:42.705 [main] DEBUG org.hibernate.cfg.annotations.PropertyBinder - Building property typeName
16:43:42.705 [main] DEBUG org.hibernate.cfg.AnnotationBinder - Binding entity from annotated class: model.Employee
16:43:42.705 [main] DEBUG org.hibernate.cfg.annotations.QueryBinder - Binding named native query: Employee.findAll => SELECT * FROM employee
16:43:42.705 [main] DEBUG org.hibernate.cfg.annotations.QueryBinder - Binding named native query: Employee.findByEmployeeId => SELECT * FROM employee WHERE employeeId = ?
16:43:42.705 [main] DEBUG org.hibernate.cfg.Ejb3Column - Binding column: Ejb3DiscriminatorColumn{logicalColumnName'DTYPE', discriminatorTypeName='string'}
16:43:42.705 [main] DEBUG org.hibernate.cfg.annotations.EntityBinder - Import with entity name Employee
16:43:42.705 [main] DEBUG org.hibernate.cfg.annotations.EntityBinder - Bind entity model.Employee on table employee
16:43:42.705 [main] DEBUG org.hibernate.cfg.Ejb3Column - Binding column: Ejb3Column{table=org.hibernate.mapping.Table(employee), mappingColumn=employeeKey, insertable=true, updatable=true, unique=false}
16:43:42.705 [main] DEBUG org.hibernate.cfg.annotations.PropertyBinder - MetadataSourceProcessor property employeeKey with lazy=false
16:43:42.705 [main] DEBUG org.hibernate.cfg.AbstractPropertyHolder - Attempting to locate auto-apply AttributeConverter for property [model.Employee:employeeKey]
16:43:42.705 [main] DEBUG org.hibernate.cfg.annotations.SimpleValueBinder - building SimpleValue for employeeKey
16:43:42.705 [main] DEBUG org.hibernate.cfg.annotations.PropertyBinder - Building property employeeKey
16:43:42.705 [main] DEBUG org.hibernate.cfg.Ejb3Column - Binding column: Ejb3Column{table=org.hibernate.mapping.Table(employee), mappingColumn=employeeId, insertable=true, updatable=true, unique=false}
16:43:42.705 [main] DEBUG org.hibernate.cfg.annotations.PropertyBinder - MetadataSourceProcessor property employeeId with lazy=false
16:43:42.705 [main] DEBUG org.hibernate.cfg.AbstractPropertyHolder - Attempting to locate auto-apply AttributeConverter for property [model.Employee:employeeId]
16:43:42.705 [main] DEBUG org.hibernate.cfg.annotations.SimpleValueBinder - building SimpleValue for employeeId
16:43:42.705 [main] DEBUG org.hibernate.cfg.annotations.PropertyBinder - Building property employeeId
16:43:42.705 [main] DEBUG org.hibernate.cfg.Ejb3Column - Binding column: Ejb3Column{table=org.hibernate.mapping.Table(employee), mappingColumn=name, insertable=true, updatable=true, unique=false}
16:43:42.705 [main] DEBUG org.hibernate.cfg.annotations.PropertyBinder - MetadataSourceProcessor property name with lazy=false
16:43:42.705 [main] DEBUG org.hibernate.cfg.AbstractPropertyHolder - Attempting to locate auto-apply AttributeConverter for property [model.Employee:name]
16:43:42.705 [main] DEBUG org.hibernate.cfg.annotations.SimpleValueBinder - building SimpleValue for name
16:43:42.705 [main] DEBUG org.hibernate.cfg.annotations.PropertyBinder - Building property name
16:43:42.706 [main] DEBUG org.hibernate.cfg.AnnotationBinder - Binding entity from annotated class: model.Equipment
16:43:42.706 [main] DEBUG org.hibernate.cfg.annotations.QueryBinder - Binding named native query: Equipment.findAll => SELECT * FROM Equipment
16:43:42.706 [main] DEBUG org.hibernate.cfg.annotations.QueryBinder - Binding named native query: Equipment.findBySerial => SELECT * FROM equipment WHERE equipment.serial = ?
16:43:42.706 [main] DEBUG org.hibernate.cfg.annotations.QueryBinder - Binding named native query: Equipment.findByEquipmentId => SELECT * FROM equipment WHERE equipment.equipmentId = ?
16:43:42.706 [main] DEBUG org.hibernate.cfg.annotations.QueryBinder - Binding named native query: Equipment.findByType => SELECT * FROM equipment INNER JOIN equipmentType ON equipment.equipmentTypeId = equipmentType.equipmentTypeId WHERE equipmentType.typeCode = ?
16:43:42.706 [main] DEBUG org.hibernate.cfg.annotations.QueryBinder - Binding named native query: Equipment.findEnabledByType => SELECT * FROM equipment INNER JOIN equipmentType ON equipment.equipmentTypeId = equipmentType.equipmentTypeId WHERE equipmentType.typeCode = ? AND equipment.status = 1
16:43:42.706 [main] DEBUG org.hibernate.cfg.annotations.QueryBinder - Binding named native query: Equipment.findAllOrderedByTypeName => SELECT * FROM equipment INNER JOIN equipmentType ON equipment.equipmentTypeId = equipmentType.equipmentTypeId WHERE equipment.status = 1 ORDER BY equipmenttype.typeName
16:43:42.706 [main] DEBUG org.hibernate.cfg.Ejb3Column - Binding column: Ejb3DiscriminatorColumn{logicalColumnName'DTYPE', discriminatorTypeName='string'}
16:43:42.706 [main] DEBUG org.hibernate.cfg.annotations.EntityBinder - Import with entity name Equipment
16:43:42.706 [main] DEBUG org.hibernate.cfg.annotations.EntityBinder - Bind entity model.Equipment on table Equipment
16:43:42.706 [main] DEBUG org.hibernate.cfg.Ejb3Column - Binding column: Ejb3Column{table=org.hibernate.mapping.Table(Equipment), mappingColumn=equipmentId, insertable=true, updatable=true, unique=false}
16:43:42.706 [main] DEBUG org.hibernate.cfg.annotations.PropertyBinder - MetadataSourceProcessor property equipmentId with lazy=false
16:43:42.706 [main] DEBUG org.hibernate.cfg.AbstractPropertyHolder - Attempting to locate auto-apply AttributeConverter for property [model.Equipment:equipmentId]
16:43:42.706 [main] DEBUG org.hibernate.cfg.annotations.SimpleValueBinder - building SimpleValue for equipmentId
16:43:42.706 [main] DEBUG org.hibernate.cfg.annotations.PropertyBinder - Building property equipmentId
16:43:42.706 [main] DEBUG org.hibernate.cfg.Ejb3Column - Binding column: Ejb3JoinColumn{logicalColumnName='equipmentTypeId', referencedColumn='', mappedBy=''}
16:43:42.706 [main] DEBUG org.hibernate.cfg.Ejb3Column - Binding column: Ejb3Column{table=org.hibernate.mapping.Table(Equipment), mappingColumn=equipmenttype, insertable=true, updatable=true, unique=false}
16:43:42.706 [main] DEBUG org.hibernate.cfg.annotations.PropertyBinder - Building property equipmenttype
16:43:42.706 [main] DEBUG org.hibernate.cfg.Ejb3Column - Binding column: Ejb3Column{table=org.hibernate.mapping.Table(Equipment), mappingColumn=name, insertable=true, updatable=true, unique=false}
16:43:42.706 [main] DEBUG org.hibernate.cfg.annotations.PropertyBinder - MetadataSourceProcessor property name with lazy=false
16:43:42.706 [main] DEBUG org.hibernate.cfg.AbstractPropertyHolder - Attempting to locate auto-apply AttributeConverter for property [model.Equipment:name]
16:43:42.706 [main] DEBUG org.hibernate.cfg.annotations.SimpleValueBinder - building SimpleValue for name
16:43:42.706 [main] DEBUG org.hibernate.cfg.annotations.PropertyBinder - Building property name
16:43:42.706 [main] DEBUG org.hibernate.cfg.Ejb3Column - Binding column: Ejb3Column{table=org.hibernate.mapping.Table(Equipment), mappingColumn=serial, insertable=true, updatable=true, unique=false}
16:43:42.706 [main] DEBUG org.hibernate.cfg.annotations.PropertyBinder - MetadataSourceProcessor property serial with lazy=false
16:43:42.706 [main] DEBUG org.hibernate.cfg.AbstractPropertyHolder - Attempting to locate auto-apply AttributeConverter for property [model.Equipment:serial]
16:43:42.706 [main] DEBUG org.hibernate.cfg.annotations.SimpleValueBinder - building SimpleValue for serial
16:43:42.706 [main] DEBUG org.hibernate.cfg.annotations.PropertyBinder - Building property serial
16:43:42.706 [main] DEBUG org.hibernate.cfg.Ejb3Column - Binding column: Ejb3Column{table=org.hibernate.mapping.Table(Equipment), mappingColumn=status, insertable=true, updatable=true, unique=false}
16:43:42.706 [main] DEBUG org.hibernate.cfg.annotations.PropertyBinder - MetadataSourceProcessor property status with lazy=false
16:43:42.706 [main] DEBUG org.hibernate.cfg.AbstractPropertyHolder - Attempting to locate auto-apply AttributeConverter for property [model.Equipment:status]
16:43:42.706 [main] DEBUG org.hibernate.cfg.annotations.SimpleValueBinder - building SimpleValue for status
16:43:42.706 [main] DEBUG org.hibernate.cfg.annotations.PropertyBinder - Building property status
16:43:42.706 [main] DEBUG org.hibernate.cfg.AnnotationBinder - Binding entity from annotated class: model.Reservation
16:43:42.706 [main] DEBUG org.hibernate.cfg.annotations.QueryBinder - Binding named native query: Reservation.findAll => SELECT * FROM reservation
16:43:42.706 [main] DEBUG org.hibernate.cfg.annotations.QueryBinder - Binding named native query: Reservation.findBySerial => SELECT * FROM reservation INNER JOIN equipment ON reservation.equipmentId = equipment.equipmentId WHERE equipment.serial = ?
16:43:42.706 [main] DEBUG org.hibernate.cfg.annotations.QueryBinder - Binding named native query: Reservation.findByType => SELECT * FROM reservation WHERE reservation.reservationType = ?
16:43:42.706 [main] DEBUG org.hibernate.cfg.annotations.QueryBinder - Binding named native query: Reservation.findByEquipmentId => SELECT * FROM reservation WHERE reservation.equipmentId = ?
16:43:42.706 [main] DEBUG org.hibernate.cfg.annotations.QueryBinder - Binding named native query: Reservation.findOpenByEmployeeId => SELECT * FROM reservation INNER JOIN employee ON reservation.employeeKey = employee.employeeKey WHERE employee.employeeId = ? AND reservation.date_return IS NULL
16:43:42.706 [main] DEBUG org.hibernate.cfg.annotations.QueryBinder - Binding named native query: Reservation.findOpen => SELECT * FROM reservation WHERE date_return IS NULL
16:43:42.706 [main] DEBUG org.hibernate.cfg.annotations.QueryBinder - Binding named native query: Reservation.findOpenBySerial => SELECT * FROM reservation INNER JOIN equipment ON reservation.equipmentId = equipment.equipmentId WHERE reservation.date_return IS null AND equipment.serial = ?
16:43:42.706 [main] DEBUG org.hibernate.cfg.annotations.QueryBinder - Binding named native query: Reservation.findBySerialAndDate => SELECT * FROM reservation INNER JOIN equipment ON reservation.equipmentId = equipment.equipmentId WHERE equipment.serial = ? AND reservation.date_take < ? AND (reservation.date_return > ? OR reservation.date_return IS NULL) AND equipment.status = 1
16:43:42.706 [main] DEBUG org.hibernate.cfg.Ejb3Column - Binding column: Ejb3DiscriminatorColumn{logicalColumnName'DTYPE', discriminatorTypeName='string'}
16:43:42.706 [main] DEBUG org.hibernate.cfg.annotations.EntityBinder - Import with entity name Reservation
16:43:42.706 [main] DEBUG org.hibernate.cfg.annotations.EntityBinder - Bind entity model.Reservation on table Reservation
16:43:42.706 [main] DEBUG org.hibernate.cfg.Ejb3Column - Binding column: Ejb3Column{table=org.hibernate.mapping.Table(Reservation), mappingColumn=reservationId, insertable=true, updatable=true, unique=false}
16:43:42.706 [main] DEBUG org.hibernate.cfg.annotations.PropertyBinder - MetadataSourceProcessor property reservationId with lazy=false
16:43:42.706 [main] DEBUG org.hibernate.cfg.AbstractPropertyHolder - Attempting to locate auto-apply AttributeConverter for property [model.Reservation:reservationId]
16:43:42.706 [main] DEBUG org.hibernate.cfg.annotations.SimpleValueBinder - building SimpleValue for reservationId
16:43:42.706 [main] DEBUG org.hibernate.cfg.annotations.PropertyBinder - Building property reservationId
16:43:42.706 [main] DEBUG org.hibernate.cfg.Ejb3Column - Binding column: Ejb3Column{table=org.hibernate.mapping.Table(Reservation), mappingColumn=date_return, insertable=true, updatable=true, unique=false}
16:43:42.706 [main] DEBUG org.hibernate.cfg.annotations.PropertyBinder - MetadataSourceProcessor property dateReturn with lazy=false
16:43:42.706 [main] DEBUG org.hibernate.cfg.AbstractPropertyHolder - Attempting to locate auto-apply AttributeConverter for property [model.Reservation:dateReturn]
16:43:42.706 [main] DEBUG org.hibernate.cfg.annotations.SimpleValueBinder - building SimpleValue for dateReturn
16:43:42.706 [main] DEBUG org.hibernate.cfg.annotations.PropertyBinder - Building property dateReturn
16:43:42.706 [main] DEBUG org.hibernate.cfg.Ejb3Column - Binding column: Ejb3Column{table=org.hibernate.mapping.Table(Reservation), mappingColumn=date_take, insertable=true, updatable=true, unique=false}
16:43:42.706 [main] DEBUG org.hibernate.cfg.annotations.PropertyBinder - MetadataSourceProcessor property dateTake with lazy=false
16:43:42.706 [main] DEBUG org.hibernate.cfg.AbstractPropertyHolder - Attempting to locate auto-apply AttributeConverter for property [model.Reservation:dateTake]
16:43:42.706 [main] DEBUG org.hibernate.cfg.annotations.SimpleValueBinder - building SimpleValue for dateTake
16:43:42.706 [main] DEBUG org.hibernate.cfg.annotations.PropertyBinder - Building property dateTake
16:43:42.706 [main] DEBUG org.hibernate.cfg.Ejb3Column - Binding column: Ejb3JoinColumn{logicalColumnName='employeeKey', referencedColumn='', mappedBy=''}
16:43:42.706 [main] DEBUG org.hibernate.cfg.Ejb3Column - Binding column: Ejb3Column{table=org.hibernate.mapping.Table(Reservation), mappingColumn=employee, insertable=true, updatable=true, unique=false}
16:43:42.706 [main] DEBUG org.hibernate.cfg.annotations.PropertyBinder - Building property employee
16:43:42.706 [main] DEBUG org.hibernate.cfg.Ejb3Column - Binding column: Ejb3JoinColumn{logicalColumnName='equipmentId', referencedColumn='', mappedBy=''}
16:43:42.706 [main] DEBUG org.hibernate.cfg.Ejb3Column - Binding column: Ejb3Column{table=org.hibernate.mapping.Table(Reservation), mappingColumn=equipment, insertable=true, updatable=true, unique=false}
16:43:42.706 [main] DEBUG org.hibernate.cfg.annotations.PropertyBinder - Building property equipment
16:43:42.706 [main] DEBUG org.hibernate.cfg.Ejb3Column - Binding column: Ejb3Column{table=org.hibernate.mapping.Table(Reservation), mappingColumn=reservationType, insertable=true, updatable=true, unique=false}
16:43:42.706 [main] DEBUG org.hibernate.cfg.annotations.PropertyBinder - MetadataSourceProcessor property reservationType with lazy=false
16:43:42.706 [main] DEBUG org.hibernate.cfg.AbstractPropertyHolder - Attempting to locate auto-apply AttributeConverter for property [model.Reservation:reservationType]
16:43:42.706 [main] DEBUG org.hibernate.cfg.annotations.SimpleValueBinder - building SimpleValue for reservationType
16:43:42.706 [main] DEBUG org.hibernate.cfg.annotations.PropertyBinder - Building property reservationType
16:43:42.706 [main] DEBUG org.hibernate.cfg.annotations.SimpleValueBinder - Starting fillSimpleValue for equipmentTypeId
16:43:42.706 [main] DEBUG org.hibernate.cfg.annotations.SimpleValueBinder - Starting fillSimpleValue for typeCode
16:43:42.706 [main] DEBUG org.hibernate.cfg.annotations.SimpleValueBinder - Starting fillSimpleValue for typeName
16:43:42.706 [main] DEBUG org.hibernate.cfg.annotations.SimpleValueBinder - Starting fillSimpleValue for employeeKey
16:43:42.706 [main] DEBUG org.hibernate.cfg.annotations.SimpleValueBinder - Starting fillSimpleValue for employeeId
16:43:42.706 [main] DEBUG org.hibernate.cfg.annotations.SimpleValueBinder - Starting fillSimpleValue for name
16:43:42.706 [main] DEBUG org.hibernate.cfg.annotations.SimpleValueBinder - Starting fillSimpleValue for equipmentId
16:43:42.706 [main] DEBUG org.hibernate.cfg.annotations.SimpleValueBinder - Starting fillSimpleValue for name
16:43:42.706 [main] DEBUG org.hibernate.cfg.annotations.SimpleValueBinder - Starting fillSimpleValue for serial
16:43:42.706 [main] DEBUG org.hibernate.cfg.annotations.SimpleValueBinder - Starting fillSimpleValue for status
16:43:42.706 [main] DEBUG org.hibernate.cfg.annotations.SimpleValueBinder - Starting fillSimpleValue for reservationId
16:43:42.706 [main] DEBUG org.hibernate.cfg.annotations.SimpleValueBinder - Starting fillSimpleValue for dateReturn
16:43:42.706 [main] DEBUG org.hibernate.cfg.annotations.SimpleValueBinder - Starting fillSimpleValue for dateTake
16:43:42.706 [main] DEBUG org.hibernate.cfg.annotations.SimpleValueBinder - Starting fillSimpleValue for reservationType
16:43:42.707 [main] DEBUG org.hibernate.mapping.PrimaryKey - Forcing column [equipmenttypeid] to be non-null as it is part of the primary key for table [equipmenttype]
16:43:42.707 [main] DEBUG org.hibernate.mapping.PrimaryKey - Forcing column [employeekey] to be non-null as it is part of the primary key for table [employee]
16:43:42.707 [main] DEBUG org.hibernate.mapping.PrimaryKey - Forcing column [equipmentid] to be non-null as it is part of the primary key for table [equipment]
16:43:42.707 [main] DEBUG org.hibernate.mapping.PrimaryKey - Forcing column [reservationid] to be non-null as it is part of the primary key for table [reservation]
16:43:42.707 [main] DEBUG org.hibernate.boot.internal.InFlightMetadataCollectorImpl - Resolving reference to class: model.Equipmenttype
16:43:42.707 [main] DEBUG org.hibernate.boot.internal.InFlightMetadataCollectorImpl - Resolving reference to class: model.Employee
16:43:42.707 [main] DEBUG org.hibernate.boot.internal.InFlightMetadataCollectorImpl - Resolving reference to class: model.Equipment
16:43:42.707 [main] DEBUG org.hibernate.boot.internal.InFlightMetadataCollectorImpl - Resolving reference to class: model.Equipmenttype
16:43:42.707 [main] DEBUG org.hibernate.boot.internal.InFlightMetadataCollectorImpl - Resolving reference to class: model.Employee
16:43:42.707 [main] DEBUG org.hibernate.boot.internal.InFlightMetadataCollectorImpl - Resolving reference to class: model.Equipment
16:43:42.707 [main] DEBUG org.hibernate.internal.SessionFactoryImpl - Building session factory
16:43:42.707 [main] DEBUG org.hibernate.cfg.Settings - SessionFactory name : null
16:43:42.707 [main] DEBUG org.hibernate.cfg.Settings - Automatic flush during beforeCompletion(): disabled
16:43:42.707 [main] DEBUG org.hibernate.cfg.Settings - Automatic session close at end of transaction: disabled
16:43:42.707 [main] DEBUG org.hibernate.cfg.Settings - Statistics: disabled
16:43:42.707 [main] DEBUG org.hibernate.cfg.Settings - Deleted entity synthetic identifier rollback: disabled
16:43:42.707 [main] DEBUG org.hibernate.cfg.Settings - Default entity-mode: pojo
16:43:42.707 [main] DEBUG org.hibernate.cfg.Settings - Check Nullability in Core (should be disabled when Bean Validation is on): enabled
16:43:42.707 [main] DEBUG org.hibernate.cfg.Settings - Allow initialization of lazy state outside session : disabled
16:43:42.707 [main] DEBUG org.hibernate.cfg.Settings - Using BatchFetchStyle : LEGACY
16:43:42.707 [main] DEBUG org.hibernate.cfg.Settings - Default batch fetch size: -1
16:43:42.707 [main] DEBUG org.hibernate.cfg.Settings - Maximum outer join fetch depth: 2
16:43:42.707 [main] DEBUG org.hibernate.cfg.Settings - Default null ordering: NONE
16:43:42.707 [main] DEBUG org.hibernate.cfg.Settings - Order SQL updates by primary key: disabled
16:43:42.707 [main] DEBUG org.hibernate.cfg.Settings - Order SQL inserts for batching: disabled
16:43:42.707 [main] DEBUG org.hibernate.cfg.Settings - multi-tenancy strategy : NONE
16:43:42.707 [main] DEBUG org.hibernate.cfg.Settings - JTA Track by Thread: enabled
16:43:42.707 [main] DEBUG org.hibernate.cfg.Settings - Query language substitutions: {}
16:43:42.707 [main] DEBUG org.hibernate.cfg.Settings - JPA query language strict compliance: disabled
16:43:42.707 [main] DEBUG org.hibernate.cfg.Settings - Named query checking : enabled
16:43:42.707 [main] DEBUG org.hibernate.cfg.Settings - Second-level cache: enabled
16:43:42.707 [main] DEBUG org.hibernate.cfg.Settings - Second-level query cache: disabled
16:43:42.707 [main] DEBUG org.hibernate.cfg.Settings - Second-level query cache factory: org.hibernate.cache.internal.StandardQueryCacheFactory@76304b46
16:43:42.707 [main] DEBUG org.hibernate.cfg.Settings - Second-level cache region prefix: null
16:43:42.707 [main] DEBUG org.hibernate.cfg.Settings - Optimize second-level cache for minimal puts: disabled
16:43:42.707 [main] DEBUG org.hibernate.cfg.Settings - Structured second-level cache entries: disabled
16:43:42.707 [main] DEBUG org.hibernate.cfg.Settings - Second-level cache direct-reference entries: disabled
16:43:42.707 [main] DEBUG org.hibernate.cfg.Settings - Automatic eviction of collection cache: disabled
16:43:42.707 [main] DEBUG org.hibernate.cfg.Settings - JDBC batch size: 15
16:43:42.707 [main] DEBUG org.hibernate.cfg.Settings - JDBC batch updates for versioned data: enabled
16:43:42.707 [main] DEBUG org.hibernate.cfg.Settings - Scrollable result sets: enabled
16:43:42.707 [main] DEBUG org.hibernate.cfg.Settings - Wrap result sets: disabled
16:43:42.707 [main] DEBUG org.hibernate.cfg.Settings - JDBC3 getGeneratedKeys(): enabled
16:43:42.707 [main] DEBUG org.hibernate.cfg.Settings - JDBC result set fetch size: null
16:43:42.707 [main] DEBUG org.hibernate.cfg.Settings - Connection release mode: ON_CLOSE
16:43:42.707 [main] DEBUG org.hibernate.cfg.Settings - Generate SQL with comments: disabled
16:43:42.707 [main] DEBUG org.hibernate.internal.SessionFactoryImpl - Returning a Reference to the SessionFactory
16:43:42.707 [main] DEBUG org.hibernate.internal.SessionFactoryImpl - Session factory constructed with filter configurations : {}
16:43:42.707 [main] DEBUG org.hibernate.internal.SessionFactoryImpl - Instantiating session factory with properties: {awt.toolkit=sun.awt.windows.WToolkit, java.specification.version=9, sun.cpu.isalist=amd64, sun.jnu.encoding=Cp1252, sun.arch.data.model=64, java.vendor.url=http://java.oracle.com/, javax.persistence.jdbc.url=jdbc:mysql://localhost:3306/emanager_testdb, javax.persistence.jdbc.user=testdbuser, sun.boot.library.path=C:\Program Files\Java\jdk-9.0.4\bin, sun.java.command=C:\Users\samik\git\EquipmentManager\target\surefire\surefirebooter8775121432847603716.jar C:\Users\samik\git\EquipmentManager\target\surefire\surefire11039516585756551713tmp C:\Users\samik\git\EquipmentManager\target\surefire\surefire_01035973721388004477tmp, jdk.debug=release, java.specification.vendor=Oracle Corporation, java.home=C:\Program Files\Java\jdk-9.0.4, file.separator=\, basedir=C:\Users\samik\git\EquipmentManager, java.vm.compressedOopsMode=Zero based, line.separator=
, java.vm.specification.vendor=Oracle Corporation, java.specification.name=Java Platform API Specification, hibernate.transaction.coordinator_class=class org.hibernate.resource.transaction.backend.jdbc.internal.JdbcResourceLocalTransactionCoordinatorBuilderImpl, user.script=, sun.management.compiler=HotSpot 64-Bit Tiered Compilers, java.runtime.version=9.0.4+11, user.name=S, file.encoding=Cp1252, localRepository=C:\Users\samik\.m2\repository, hibernate.connection.driver_class=com.mysql.jdbc.Driver, java.io.tmpdir=C:\Users\samik\AppData\Local\Temp\, java.version=9.0.4, java.vm.specification.name=Java Virtual Machine Specification, java.awt.printerjob=sun.awt.windows.WPrinterJob, sun.os.patch.level=, java.library.path=C:\Program Files\Java\jdk-9.0.4\bin;C:\WINDOWS\Sun\Java\bin;C:\WINDOWS\system32;C:\WINDOWS;C:/Program Files/Java/jre1.8.0_151/bin/server;C:/Program Files/Java/jre1.8.0_151/bin;C:/Program Files/Java/jre1.8.0_151/lib/amd64;C:\ProgramData\Oracle\Java\javapath;C:\Windows\system32;C:\Windows;C:\Windows\System32\Wbem;C:\Windows\System32\WindowsPowerShell\v1.0\;C:\Program Files\Git\cmd;C:\Program Files (x86)\Windows Kits\8.1\Windows Performance Toolkit\;C:\Program Files\Microsoft SQL Server\110\Tools\Binn\;C:\WINDOWS\system32;C:\WINDOWS;C:\WINDOWS\System32\Wbem;C:\WINDOWS\System32\WindowsPowerShell\v1.0\;C:\Program Files\nodejs\;C:\Android;C:\Users\samik\AppData\Local\Microsoft\WindowsApps;C:\Program Files (x86)\Nmap;C:\Program Files\Java\jdk1.8.0_112\bin;C:\Users\samik\AppData\Roaming\npm;C:\apache-maven-3.5.0\bin;C:\adb;C:\WINDOWS\system32;C:\WINDOWS;C:\WINDOWS\System32\Wbem;C:\WINDOWS\System32\WindowsPowerShell\v1.0\;C:\Program Files (x86)\NVIDIA Corporation\PhysX\Common;C:\Program Files\MySQL\MySQL Utilities 1.6\;C:\Users\samik\AppData\Local\Microsoft\WindowsApps;C:\Program Files (x86)\Nmap;C:\Program Files\Java\jdk1.8.0_112\bin;C:\Users\samik\AppData\Roaming\npm;C:\apache-maven-3.5.0\bin;;C:\WINDOWS\system32;;., java.vendor=Oracle Corporation, sun.io.unicode.encoding=UnicodeLittle, sun.desktop=windows, file.encoding.pkg=sun.io, java.class.path=C:\Users\samik\git\EquipmentManager\target\test-classes;C:\Users\samik\git\EquipmentManager\target\classes;C:\Users\samik\.m2\repository\org\springframework\boot\spring-boot-starter-data-jpa\1.5.1.RELEASE\spring-boot-starter-data-jpa-1.5.1.RELEASE.jar;C:\Users\samik\.m2\repository\org\springframework\boot\spring-boot-starter\1.5.1.RELEASE\spring-boot-starter-1.5.1.RELEASE.jar;C:\Users\samik\.m2\repository\org\springframework\boot\spring-boot\1.5.1.RELEASE\spring-boot-1.5.1.RELEASE.jar;C:\Users\samik\.m2\repository\org\springframework\boot\spring-boot-autoconfigure\1.5.1.RELEASE\spring-boot-autoconfigure-1.5.1.RELEASE.jar;C:\Users\samik\.m2\repository\org\springframework\boot\spring-boot-starter-logging\1.5.1.RELEASE\spring-boot-starter-logging-1.5.1.RELEASE.jar;C:\Users\samik\.m2\repository\ch\qos\logback\logback-classic\1.1.9\logback-classic-1.1.9.jar;C:\Users\samik\.m2\repository\ch\qos\logback\logback-core\1.1.9\logback-core-1.1.9.jar;C:\Users\samik\.m2\repository\org\slf4j\jul-to-slf4j\1.7.22\jul-to-slf4j-1.7.22.jar;C:\Users\samik\.m2\repository\org\slf4j\log4j-over-slf4j\1.7.22\log4j-over-slf4j-1.7.22.jar;C:\Users\samik\.m2\repository\org\yaml\snakeyaml\1.17\snakeyaml-1.17.jar;C:\Users\samik\.m2\repository\org\springframework\boot\spring-boot-starter-aop\1.5.1.RELEASE\spring-boot-starter-aop-1.5.1.RELEASE.jar;C:\Users\samik\.m2\repository\org\springframework\spring-aop\4.3.6.RELEASE\spring-aop-4.3.6.RELEASE.jar;C:\Users\samik\.m2\repository\org\aspectj\aspectjweaver\1.8.9\aspectjweaver-1.8.9.jar;C:\Users\samik\.m2\repository\org\springframework\boot\spring-boot-starter-jdbc\1.5.1.RELEASE\spring-boot-starter-jdbc-1.5.1.RELEASE.jar;C:\Users\samik\.m2\repository\org\apache\tomcat\tomcat-jdbc\8.5.11\tomcat-jdbc-8.5.11.jar;C:\Users\samik\.m2\repository\org\apache\tomcat\tomcat-juli\8.5.11\tomcat-juli-8.5.11.jar;C:\Users\samik\.m2\repository\org\springframework\spring-jdbc\4.3.6.RELEASE\spring-jdbc-4.3.6.RELEASE.jar;C:\Users\samik\.m2\repository\org\hibernate\hibernate-core\5.0.11.Final\hibernate-core-5.0.11.Final.jar;C:\Users\samik\.m2\repository\org\jboss\logging\jboss-logging\3.3.0.Final\jboss-logging-3.3.0.Final.jar;C:\Users\samik\.m2\repository\org\hibernate\javax\persistence\hibernate-jpa-2.1-api\1.0.0.Final\hibernate-jpa-2.1-api-1.0.0.Final.jar;C:\Users\samik\.m2\repository\org\javassist\javassist\3.21.0-GA\javassist-3.21.0-GA.jar;C:\Users\samik\.m2\repository\antlr\antlr\2.7.7\antlr-2.7.7.jar;C:\Users\samik\.m2\repository\org\jboss\jandex\2.0.0.Final\jandex-2.0.0.Final.jar;C:\Users\samik\.m2\repository\org\hibernate\common\hibernate-commons-annotations\5.0.1.Final\hibernate-commons-annotations-5.0.1.Final.jar;C:\Users\samik\.m2\repository\org\hibernate\hibernate-entitymanager\5.0.11.Final\hibernate-entitymanager-5.0.11.Final.jar;C:\Users\samik\.m2\repository\javax\transaction\javax.transaction-api\1.2\javax.transaction-api-1.2.jar;C:\Users\samik\.m2\repository\org\springframework\data\spring-data-jpa\1.11.0.RELEASE\spring-data-jpa-1.11.0.RELEASE.jar;C:\Users\samik\.m2\repository\org\springframework\data\spring-data-commons\1.13.0.RELEASE\spring-data-commons-1.13.0.RELEASE.jar;C:\Users\samik\.m2\repository\org\springframework\spring-orm\4.3.6.RELEASE\spring-orm-4.3.6.RELEASE.jar;C:\Users\samik\.m2\repository\org\springframework\spring-context\4.3.6.RELEASE\spring-context-4.3.6.RELEASE.jar;C:\Users\samik\.m2\repository\org\springframework\spring-tx\4.3.6.RELEASE\spring-tx-4.3.6.RELEASE.jar;C:\Users\samik\.m2\repository\org\springframework\spring-beans\4.3.6.RELEASE\spring-beans-4.3.6.RELEASE.jar;C:\Users\samik\.m2\repository\org\slf4j\jcl-over-slf4j\1.7.22\jcl-over-slf4j-1.7.22.jar;C:\Users\samik\.m2\repository\org\springframework\spring-aspects\4.3.6.RELEASE\spring-aspects-4.3.6.RELEASE.jar;C:\Users\samik\.m2\repository\org\springframework\boot\spring-boot-starter-web\1.5.1.RELEASE\spring-boot-starter-web-1.5.1.RELEASE.jar;C:\Users\samik\.m2\repository\org\springframework\boot\spring-boot-starter-tomcat\1.5.1.RELEASE\spring-boot-starter-tomcat-1.5.1.RELEASE.jar;C:\Users\samik\.m2\repository\org\apache\tomcat\embed\tomcat-embed-websocket\8.5.11\tomcat-embed-websocket-8.5.11.jar;C:\Users\samik\.m2\repository\org\hibernate\hibernate-validator\5.3.4.Final\hibernate-validator-5.3.4.Final.jar;C:\Users\samik\.m2\repository\javax\validation\validation-api\1.1.0.Final\validation-api-1.1.0.Final.jar;C:\Users\samik\.m2\repository\com\fasterxml\jackson\core\jackson-databind\2.8.6\jackson-databind-2.8.6.jar;C:\Users\samik\.m2\repository\com\fasterxml\jackson\core\jackson-annotations\2.8.0\jackson-annotations-2.8.0.jar;C:\Users\samik\.m2\repository\org\springframework\spring-web\4.3.6.RELEASE\spring-web-4.3.6.RELEASE.jar;C:\Users\samik\.m2\repository\org\springframework\spring-webmvc\4.3.6.RELEASE\spring-webmvc-4.3.6.RELEASE.jar;C:\Users\samik\.m2\repository\org\springframework\spring-expression\4.3.6.RELEASE\spring-expression-4.3.6.RELEASE.jar;C:\Users\samik\.m2\repository\org\springframework\boot\spring-boot-starter-test\1.5.1.RELEASE\spring-boot-starter-test-1.5.1.RELEASE.jar;C:\Users\samik\.m2\repository\org\springframework\boot\spring-boot-test\1.5.1.RELEASE\spring-boot-test-1.5.1.RELEASE.jar;C:\Users\samik\.m2\repository\org\springframework\boot\spring-boot-test-autoconfigure\1.5.1.RELEASE\spring-boot-test-autoconfigure-1.5.1.RELEASE.jar;C:\Users\samik\.m2\repository\com\jayway\jsonpath\json-path\2.2.0\json-path-2.2.0.jar;C:\Users\samik\.m2\repository\net\minidev\json-smart\2.2.1\json-smart-2.2.1.jar;C:\Users\samik\.m2\repository\net\minidev\accessors-smart\1.1\accessors-smart-1.1.jar;C:\Users\samik\.m2\repository\org\ow2\asm\asm\5.0.3\asm-5.0.3.jar;C:\Users\samik\.m2\repository\junit\junit\4.12\junit-4.12.jar;C:\Users\samik\.m2\repository\org\assertj\assertj-core\2.6.0\assertj-core-2.6.0.jar;C:\Users\samik\.m2\repository\org\mockito\mockito-core\1.10.19\mockito-core-1.10.19.jar;C:\Users\samik\.m2\repository\org\objenesis\objenesis\2.1\objenesis-2.1.jar;C:\Users\samik\.m2\repository\org\hamcrest\hamcrest-core\1.3\hamcrest-core-1.3.jar;C:\Users\samik\.m2\repository\org\hamcrest\hamcrest-library\1.3\hamcrest-library-1.3.jar;C:\Users\samik\.m2\repository\org\skyscreamer\jsonassert\1.4.0\jsonassert-1.4.0.jar;C:\Users\samik\.m2\repository\com\vaadin\external\google\android-json\0.0.20131108.vaadin1\android-json-0.0.20131108.vaadin1.jar;C:\Users\samik\.m2\repository\org\springframework\spring-core\4.3.6.RELEASE\spring-core-4.3.6.RELEASE.jar;C:\Users\samik\.m2\repository\org\springframework\spring-test\4.3.6.RELEASE\spring-test-4.3.6.RELEASE.jar;C:\Users\samik\.m2\repository\javax\xml\bind\jaxb-api\2.3.0\jaxb-api-2.3.0.jar;C:\Users\samik\.m2\repository\org\apache\poi\poi\3.9\poi-3.9.jar;C:\Users\samik\.m2\repository\commons-codec\commons-codec\1.10\commons-codec-1.10.jar;C:\Users\samik\.m2\repository\org\apache\poi\poi-ooxml\3.9\poi-ooxml-3.9.jar;C:\Users\samik\.m2\repository\org\apache\poi\poi-ooxml-schemas\3.9\poi-ooxml-schemas-3.9.jar;C:\Users\samik\.m2\repository\org\apache\xmlbeans\xmlbeans\2.3.0\xmlbeans-2.3.0.jar;C:\Users\samik\.m2\repository\stax\stax-api\1.0.1\stax-api-1.0.1.jar;C:\Users\samik\.m2\repository\dom4j\dom4j\1.6.1\dom4j-1.6.1.jar;C:\Users\samik\.m2\repository\xml-apis\xml-apis\1.4.01\xml-apis-1.4.01.jar;C:\Users\samik\.m2\repository\com\h2database\h2\1.3.156\h2-1.3.156.jar;C:\Users\samik\.m2\repository\org\apache\tomcat\embed\tomcat-embed-jasper\8.5.11\tomcat-embed-jasper-8.5.11.jar;C:\Users\samik\.m2\repository\org\apache\tomcat\embed\tomcat-embed-core\8.5.11\tomcat-embed-core-8.5.11.jar;C:\Users\samik\.m2\repository\org\apache\tomcat\embed\tomcat-embed-el\8.5.11\tomcat-embed-el-8.5.11.jar;C:\Users\samik\.m2\repository\org\eclipse\jdt\core\compiler\ecj\4.5.1\ecj-4.5.1.jar;C:\Users\samik\.m2\repository\org\eclipse\persistence\eclipselink\2.5.0-RC1\eclipselink-2.5.0-RC1.jar;C:\Users\samik\.m2\repository\org\eclipse\persistence\javax.persistence\2.1.0-RC1\javax.persistence-2.1.0-RC1.jar;C:\Users\samik\.m2\repository\org\eclipse\persistence\commonj.sdo\2.1.1\commonj.sdo-2.1.1.jar;C:\Users\samik\.m2\repository\mysql\mysql-connector-java\5.1.40\mysql-connector-java-5.1.40.jar;C:\Users\samik\.m2\repository\io\springfox\springfox-swagger2\2.4.0\springfox-swagger2-2.4.0.jar;C:\Users\samik\.m2\repository\io\swagger\swagger-annotations\1.5.6\swagger-annotations-1.5.6.jar;C:\Users\samik\.m2\repository\io\swagger\swagger-models\1.5.6\swagger-models-1.5.6.jar;C:\Users\samik\.m2\repository\io\springfox\springfox-spi\2.4.0\springfox-spi-2.4.0.jar;C:\Users\samik\.m2\repository\io\springfox\springfox-core\2.4.0\springfox-core-2.4.0.jar;C:\Users\samik\.m2\repository\io\springfox\springfox-schema\2.4.0\springfox-schema-2.4.0.jar;C:\Users\samik\.m2\repository\io\springfox\springfox-swagger-common\2.4.0\springfox-swagger-common-2.4.0.jar;C:\Users\samik\.m2\repository\io\springfox\springfox-spring-web\2.4.0\springfox-spring-web-2.4.0.jar;C:\Users\samik\.m2\repository\com\google\guava\guava\18.0\guava-18.0.jar;C:\Users\samik\.m2\repository\com\fasterxml\classmate\1.3.3\classmate-1.3.3.jar;C:\Users\samik\.m2\repository\org\slf4j\slf4j-api\1.7.22\slf4j-api-1.7.22.jar;C:\Users\samik\.m2\repository\org\springframework\plugin\spring-plugin-core\1.2.0.RELEASE\spring-plugin-core-1.2.0.RELEASE.jar;C:\Users\samik\.m2\repository\org\springframework\plugin\spring-plugin-metadata\1.2.0.RELEASE\spring-plugin-metadata-1.2.0.RELEASE.jar;C:\Users\samik\.m2\repository\io\springfox\springfox-swagger-ui\2.4.0\springfox-swagger-ui-2.4.0.jar;C:\Users\samik\.m2\repository\log4j\log4j\1.2.17\log4j-1.2.17.jar;C:\Users\samik\.m2\repository\org\apache\httpcomponents\httpclient\4.5.5\httpclient-4.5.5.jar;C:\Users\samik\.m2\repository\org\apache\httpcomponents\httpcore\4.4.6\httpcore-4.4.6.jar;C:\Users\samik\.m2\repository\com\fasterxml\jackson\core\jackson-core\2.9.4\jackson-core-2.9.4.jar;C:\Users\samik\.m2\repository\com\google\code\gson\gson\2.8.0\gson-2.8.0.jar;, java.vm.vendor=Oracle Corporation, user.variant=, user.timezone=Europe/Helsinki, os.name=Windows 10, java.vm.specification.version=9, sun.java.launcher=SUN_STANDARD, user.country=FI, surefire.test.class.path=C:\Users\samik\git\EquipmentManager\target\test-classes;C:\Users\samik\git\EquipmentManager\target\classes;C:\Users\samik\.m2\repository\org\springframework\boot\spring-boot-starter-data-jpa\1.5.1.RELEASE\spring-boot-starter-data-jpa-1.5.1.RELEASE.jar;C:\Users\samik\.m2\repository\org\springframework\boot\spring-boot-starter\1.5.1.RELEASE\spring-boot-starter-1.5.1.RELEASE.jar;C:\Users\samik\.m2\repository\org\springframework\boot\spring-boot\1.5.1.RELEASE\spring-boot-1.5.1.RELEASE.jar;C:\Users\samik\.m2\repository\org\springframework\boot\spring-boot-autoconfigure\1.5.1.RELEASE\spring-boot-autoconfigure-1.5.1.RELEASE.jar;C:\Users\samik\.m2\repository\org\springframework\boot\spring-boot-starter-logging\1.5.1.RELEASE\spring-boot-starter-logging-1.5.1.RELEASE.jar;C:\Users\samik\.m2\repository\ch\qos\logback\logback-classic\1.1.9\logback-classic-1.1.9.jar;C:\Users\samik\.m2\repository\ch\qos\logback\logback-core\1.1.9\logback-core-1.1.9.jar;C:\Users\samik\.m2\repository\org\slf4j\jul-to-slf4j\1.7.22\jul-to-slf4j-1.7.22.jar;C:\Users\samik\.m2\repository\org\slf4j\log4j-over-slf4j\1.7.22\log4j-over-slf4j-1.7.22.jar;C:\Users\samik\.m2\repository\org\yaml\snakeyaml\1.17\snakeyaml-1.17.jar;C:\Users\samik\.m2\repository\org\springframework\boot\spring-boot-starter-aop\1.5.1.RELEASE\spring-boot-starter-aop-1.5.1.RELEASE.jar;C:\Users\samik\.m2\repository\org\springframework\spring-aop\4.3.6.RELEASE\spring-aop-4.3.6.RELEASE.jar;C:\Users\samik\.m2\repository\org\aspectj\aspectjweaver\1.8.9\aspectjweaver-1.8.9.jar;C:\Users\samik\.m2\repository\org\springframework\boot\spring-boot-starter-jdbc\1.5.1.RELEASE\spring-boot-starter-jdbc-1.5.1.RELEASE.jar;C:\Users\samik\.m2\repository\org\apache\tomcat\tomcat-jdbc\8.5.11\tomcat-jdbc-8.5.11.jar;C:\Users\samik\.m2\repository\org\apache\tomcat\tomcat-juli\8.5.11\tomcat-juli-8.5.11.jar;C:\Users\samik\.m2\repository\org\springframework\spring-jdbc\4.3.6.RELEASE\spring-jdbc-4.3.6.RELEASE.jar;C:\Users\samik\.m2\repository\org\hibernate\hibernate-core\5.0.11.Final\hibernate-core-5.0.11.Final.jar;C:\Users\samik\.m2\repository\org\jboss\logging\jboss-logging\3.3.0.Final\jboss-logging-3.3.0.Final.jar;C:\Users\samik\.m2\repository\org\hibernate\javax\persistence\hibernate-jpa-2.1-api\1.0.0.Final\hibernate-jpa-2.1-api-1.0.0.Final.jar;C:\Users\samik\.m2\repository\org\javassist\javassist\3.21.0-GA\javassist-3.21.0-GA.jar;C:\Users\samik\.m2\repository\antlr\antlr\2.7.7\antlr-2.7.7.jar;C:\Users\samik\.m2\repository\org\jboss\jandex\2.0.0.Final\jandex-2.0.0.Final.jar;C:\Users\samik\.m2\repository\org\hibernate\common\hibernate-commons-annotations\5.0.1.Final\hibernate-commons-annotations-5.0.1.Final.jar;C:\Users\samik\.m2\repository\org\hibernate\hibernate-entitymanager\5.0.11.Final\hibernate-entitymanager-5.0.11.Final.jar;C:\Users\samik\.m2\repository\javax\transaction\javax.transaction-api\1.2\javax.transaction-api-1.2.jar;C:\Users\samik\.m2\repository\org\springframework\data\spring-data-jpa\1.11.0.RELEASE\spring-data-jpa-1.11.0.RELEASE.jar;C:\Users\samik\.m2\repository\org\springframework\data\spring-data-commons\1.13.0.RELEASE\spring-data-commons-1.13.0.RELEASE.jar;C:\Users\samik\.m2\repository\org\springframework\spring-orm\4.3.6.RELEASE\spring-orm-4.3.6.RELEASE.jar;C:\Users\samik\.m2\repository\org\springframework\spring-context\4.3.6.RELEASE\spring-context-4.3.6.RELEASE.jar;C:\Users\samik\.m2\repository\org\springframework\spring-tx\4.3.6.RELEASE\spring-tx-4.3.6.RELEASE.jar;C:\Users\samik\.m2\repository\org\springframework\spring-beans\4.3.6.RELEASE\spring-beans-4.3.6.RELEASE.jar;C:\Users\samik\.m2\repository\org\slf4j\jcl-over-slf4j\1.7.22\jcl-over-slf4j-1.7.22.jar;C:\Users\samik\.m2\repository\org\springframework\spring-aspects\4.3.6.RELEASE\spring-aspects-4.3.6.RELEASE.jar;C:\Users\samik\.m2\repository\org\springframework\boot\spring-boot-starter-web\1.5.1.RELEASE\spring-boot-starter-web-1.5.1.RELEASE.jar;C:\Users\samik\.m2\repository\org\springframework\boot\spring-boot-starter-tomcat\1.5.1.RELEASE\spring-boot-starter-tomcat-1.5.1.RELEASE.jar;C:\Users\samik\.m2\repository\org\apache\tomcat\embed\tomcat-embed-websocket\8.5.11\tomcat-embed-websocket-8.5.11.jar;C:\Users\samik\.m2\repository\org\hibernate\hibernate-validator\5.3.4.Final\hibernate-validator-5.3.4.Final.jar;C:\Users\samik\.m2\repository\javax\validation\validation-api\1.1.0.Final\validation-api-1.1.0.Final.jar;C:\Users\samik\.m2\repository\com\fasterxml\jackson\core\jackson-databind\2.8.6\jackson-databind-2.8.6.jar;C:\Users\samik\.m2\repository\com\fasterxml\jackson\core\jackson-annotations\2.8.0\jackson-annotations-2.8.0.jar;C:\Users\samik\.m2\repository\org\springframework\spring-web\4.3.6.RELEASE\spring-web-4.3.6.RELEASE.jar;C:\Users\samik\.m2\repository\org\springframework\spring-webmvc\4.3.6.RELEASE\spring-webmvc-4.3.6.RELEASE.jar;C:\Users\samik\.m2\repository\org\springframework\spring-expression\4.3.6.RELEASE\spring-expression-4.3.6.RELEASE.jar;C:\Users\samik\.m2\repository\org\springframework\boot\spring-boot-starter-test\1.5.1.RELEASE\spring-boot-starter-test-1.5.1.RELEASE.jar;C:\Users\samik\.m2\repository\org\springframework\boot\spring-boot-test\1.5.1.RELEASE\spring-boot-test-1.5.1.RELEASE.jar;C:\Users\samik\.m2\repository\org\springframework\boot\spring-boot-test-autoconfigure\1.5.1.RELEASE\spring-boot-test-autoconfigure-1.5.1.RELEASE.jar;C:\Users\samik\.m2\repository\com\jayway\jsonpath\json-path\2.2.0\json-path-2.2.0.jar;C:\Users\samik\.m2\repository\net\minidev\json-smart\2.2.1\json-smart-2.2.1.jar;C:\Users\samik\.m2\repository\net\minidev\accessors-smart\1.1\accessors-smart-1.1.jar;C:\Users\samik\.m2\repository\org\ow2\asm\asm\5.0.3\asm-5.0.3.jar;C:\Users\samik\.m2\repository\junit\junit\4.12\junit-4.12.jar;C:\Users\samik\.m2\repository\org\assertj\assertj-core\2.6.0\assertj-core-2.6.0.jar;C:\Users\samik\.m2\repository\org\mockito\mockito-core\1.10.19\mockito-core-1.10.19.jar;C:\Users\samik\.m2\repository\org\objenesis\objenesis\2.1\objenesis-2.1.jar;C:\Users\samik\.m2\repository\org\hamcrest\hamcrest-core\1.3\hamcrest-core-1.3.jar;C:\Users\samik\.m2\repository\org\hamcrest\hamcrest-library\1.3\hamcrest-library-1.3.jar;C:\Users\samik\.m2\repository\org\skyscreamer\jsonassert\1.4.0\jsonassert-1.4.0.jar;C:\Users\samik\.m2\repository\com\vaadin\external\google\android-json\0.0.20131108.vaadin1\android-json-0.0.20131108.vaadin1.jar;C:\Users\samik\.m2\repository\org\springframework\spring-core\4.3.6.RELEASE\spring-core-4.3.6.RELEASE.jar;C:\Users\samik\.m2\repository\org\springframework\spring-test\4.3.6.RELEASE\spring-test-4.3.6.RELEASE.jar;C:\Users\samik\.m2\repository\javax\xml\bind\jaxb-api\2.3.0\jaxb-api-2.3.0.jar;C:\Users\samik\.m2\repository\org\apache\poi\poi\3.9\poi-3.9.jar;C:\Users\samik\.m2\repository\commons-codec\commons-codec\1.10\commons-codec-1.10.jar;C:\Users\samik\.m2\repository\org\apache\poi\poi-ooxml\3.9\poi-ooxml-3.9.jar;C:\Users\samik\.m2\repository\org\apache\poi\poi-ooxml-schemas\3.9\poi-ooxml-schemas-3.9.jar;C:\Users\samik\.m2\repository\org\apache\xmlbeans\xmlbeans\2.3.0\xmlbeans-2.3.0.jar;C:\Users\samik\.m2\repository\stax\stax-api\1.0.1\stax-api-1.0.1.jar;C:\Users\samik\.m2\repository\dom4j\dom4j\1.6.1\dom4j-1.6.1.jar;C:\Users\samik\.m2\repository\xml-apis\xml-apis\1.4.01\xml-apis-1.4.01.jar;C:\Users\samik\.m2\repository\com\h2database\h2\1.3.156\h2-1.3.156.jar;C:\Users\samik\.m2\repository\org\apache\tomcat\embed\tomcat-embed-jasper\8.5.11\tomcat-embed-jasper-8.5.11.jar;C:\Users\samik\.m2\repository\org\apache\tomcat\embed\tomcat-embed-core\8.5.11\tomcat-embed-core-8.5.11.jar;C:\Users\samik\.m2\repository\org\apache\tomcat\embed\tomcat-embed-el\8.5.11\tomcat-embed-el-8.5.11.jar;C:\Users\samik\.m2\repository\org\eclipse\jdt\core\compiler\ecj\4.5.1\ecj-4.5.1.jar;C:\Users\samik\.m2\repository\org\eclipse\persistence\eclipselink\2.5.0-RC1\eclipselink-2.5.0-RC1.jar;C:\Users\samik\.m2\repository\org\eclipse\persistence\javax.persistence\2.1.0-RC1\javax.persistence-2.1.0-RC1.jar;C:\Users\samik\.m2\repository\org\eclipse\persistence\commonj.sdo\2.1.1\commonj.sdo-2.1.1.jar;C:\Users\samik\.m2\repository\mysql\mysql-connector-java\5.1.40\mysql-connector-java-5.1.40.jar;C:\Users\samik\.m2\repository\io\springfox\springfox-swagger2\2.4.0\springfox-swagger2-2.4.0.jar;C:\Users\samik\.m2\repository\io\swagger\swagger-annotations\1.5.6\swagger-annotations-1.5.6.jar;C:\Users\samik\.m2\repository\io\swagger\swagger-models\1.5.6\swagger-models-1.5.6.jar;C:\Users\samik\.m2\repository\io\springfox\springfox-spi\2.4.0\springfox-spi-2.4.0.jar;C:\Users\samik\.m2\repository\io\springfox\springfox-core\2.4.0\springfox-core-2.4.0.jar;C:\Users\samik\.m2\repository\io\springfox\springfox-schema\2.4.0\springfox-schema-2.4.0.jar;C:\Users\samik\.m2\repository\io\springfox\springfox-swagger-common\2.4.0\springfox-swagger-common-2.4.0.jar;C:\Users\samik\.m2\repository\io\springfox\springfox-spring-web\2.4.0\springfox-spring-web-2.4.0.jar;C:\Users\samik\.m2\repository\com\google\guava\guava\18.0\guava-18.0.jar;C:\Users\samik\.m2\repository\com\fasterxml\classmate\1.3.3\classmate-1.3.3.jar;C:\Users\samik\.m2\repository\org\slf4j\slf4j-api\1.7.22\slf4j-api-1.7.22.jar;C:\Users\samik\.m2\repository\org\springframework\plugin\spring-plugin-core\1.2.0.RELEASE\spring-plugin-core-1.2.0.RELEASE.jar;C:\Users\samik\.m2\repository\org\springframework\plugin\spring-plugin-metadata\1.2.0.RELEASE\spring-plugin-metadata-1.2.0.RELEASE.jar;C:\Users\samik\.m2\repository\io\springfox\springfox-swagger-ui\2.4.0\springfox-swagger-ui-2.4.0.jar;C:\Users\samik\.m2\repository\log4j\log4j\1.2.17\log4j-1.2.17.jar;C:\Users\samik\.m2\repository\org\apache\httpcomponents\httpclient\4.5.5\httpclient-4.5.5.jar;C:\Users\samik\.m2\repository\org\apache\httpcomponents\httpcore\4.4.6\httpcore-4.4.6.jar;C:\Users\samik\.m2\repository\com\fasterxml\jackson\core\jackson-core\2.9.4\jackson-core-2.9.4.jar;C:\Users\samik\.m2\repository\com\google\code\gson\gson\2.8.0\gson-2.8.0.jar;, sun.cpu.endian=little, user.home=C:\Users\samik, user.language=fi, java.awt.graphicsenv=sun.awt.Win32GraphicsEnvironment, javax.persistence.jdbc.driver=com.mysql.jdbc.Driver, surefire.real.class.path=C:\Users\samik\git\EquipmentManager\target\surefire\surefirebooter8775121432847603716.jar, path.separator=;, hibernate.connection.username=testdbuser, os.version=10.0, java.runtime.name=Java(TM) SE Runtime Environment, hibernate.connection.url=jdbc:mysql://localhost:3306/emanager_testdb, hibernate.ejb.persistenceUnitName=EquipmentManager, java.vm.name=Java HotSpot(TM) 64-Bit Server VM, java.vendor.url.bug=http://bugreport.java.com/bugreport/, user.dir=C:\Users\samik\git\EquipmentManager, os.arch=amd64, hibernate.connection.password=testpwd, hibernate.boot.CfgXmlAccessService.key=org.hibernate.boot.cfgxml.spi.LoadedConfig@6d276630, java.vm.info=mixed mode, java.vm.version=9.0.4+11, hibernate.bytecode.use_reflection_optimizer=false, javax.persistence.jdbc.password=testpwd, java.class.version=53.0}
16:43:42.708 [main] DEBUG org.hibernate.validator.internal.engine.resolver.DefaultTraversableResolver - Found javax.persistence.Persistence on classpath containing 'getPersistenceUtil'. Assuming JPA 2 environment. Trying to instantiate JPA aware TraversableResolver
16:43:42.708 [main] DEBUG org.hibernate.validator.internal.engine.resolver.DefaultTraversableResolver - Instantiated JPA aware TraversableResolver of type org.hibernate.validator.internal.engine.resolver.JPATraversableResolver.
16:43:42.708 [main] DEBUG org.hibernate.validator.internal.xml.ValidationXmlParser - Trying to load META-INF/validation.xml for XML based Validator configuration.
16:43:42.708 [main] DEBUG org.hibernate.validator.internal.xml.ResourceLoaderHelper - Trying to load META-INF/validation.xml via TCCL
16:43:42.708 [main] DEBUG org.hibernate.validator.internal.xml.ResourceLoaderHelper - Trying to load META-INF/validation.xml via Hibernate Validator's class loader
16:43:42.708 [main] DEBUG org.hibernate.validator.internal.xml.ValidationXmlParser - No META-INF/validation.xml found. Using annotation based configuration only.
16:43:42.709 [main] DEBUG org.hibernate.boot.internal.ClassLoaderAccessImpl - Not known whether passed class name [model.Equipmenttype] is safe
16:43:42.709 [main] DEBUG org.hibernate.boot.internal.ClassLoaderAccessImpl - No temp ClassLoader provided; using live ClassLoader for loading potentially unsafe class : model.Equipmenttype
16:43:42.709 [main] DEBUG org.hibernate.boot.internal.ClassLoaderAccessImpl - Not known whether passed class name [model.Employee] is safe
16:43:42.709 [main] DEBUG org.hibernate.boot.internal.ClassLoaderAccessImpl - No temp ClassLoader provided; using live ClassLoader for loading potentially unsafe class : model.Employee
16:43:42.709 [main] DEBUG org.hibernate.boot.internal.ClassLoaderAccessImpl - Not known whether passed class name [model.Equipment] is safe
16:43:42.709 [main] DEBUG org.hibernate.boot.internal.ClassLoaderAccessImpl - No temp ClassLoader provided; using live ClassLoader for loading potentially unsafe class : model.Equipment
16:43:42.710 [main] DEBUG org.hibernate.boot.internal.ClassLoaderAccessImpl - Not known whether passed class name [model.Reservation] is safe
16:43:42.710 [main] DEBUG org.hibernate.boot.internal.ClassLoaderAccessImpl - No temp ClassLoader provided; using live ClassLoader for loading potentially unsafe class : model.Reservation
16:43:42.710 [main] DEBUG org.hibernate.secure.spi.JaccIntegrator - Skipping JACC integration as it was not enabled
16:43:42.710 [main] DEBUG org.hibernate.engine.spi.CascadeStyles - External cascade style regsitration [persist : STYLE_PERSIST_SKIPLAZY] overrode base registration [STYLE_PERSIST_SKIPLAZY]
16:43:42.710 [main] DEBUG org.hibernate.boot.internal.ClassLoaderAccessImpl - Not known whether passed class name [model.Equipmenttype] is safe
16:43:42.710 [main] DEBUG org.hibernate.boot.internal.ClassLoaderAccessImpl - No temp ClassLoader provided; using live ClassLoader for loading potentially unsafe class : model.Equipmenttype
16:43:42.710 [main] DEBUG org.hibernate.boot.internal.ClassLoaderAccessImpl - Not known whether passed class name [model.Equipmenttype] is safe
16:43:42.710 [main] DEBUG org.hibernate.boot.internal.ClassLoaderAccessImpl - No temp ClassLoader provided; using live ClassLoader for loading potentially unsafe class : model.Equipmenttype
16:43:42.710 [main] DEBUG org.hibernate.boot.internal.ClassLoaderAccessImpl - Not known whether passed class name [model.Employee] is safe
16:43:42.710 [main] DEBUG org.hibernate.boot.internal.ClassLoaderAccessImpl - No temp ClassLoader provided; using live ClassLoader for loading potentially unsafe class : model.Employee
16:43:42.710 [main] DEBUG org.hibernate.boot.internal.ClassLoaderAccessImpl - Not known whether passed class name [model.Employee] is safe
16:43:42.808 [main] DEBUG org.hibernate.boot.internal.ClassLoaderAccessImpl - No temp ClassLoader provided; using live ClassLoader for loading potentially unsafe class : model.Employee
16:43:42.808 [main] DEBUG org.hibernate.boot.internal.ClassLoaderAccessImpl - Not known whether passed class name [model.Equipment] is safe
16:43:42.808 [main] DEBUG org.hibernate.boot.internal.ClassLoaderAccessImpl - No temp ClassLoader provided; using live ClassLoader for loading potentially unsafe class : model.Equipment
16:43:42.808 [main] DEBUG org.hibernate.boot.internal.ClassLoaderAccessImpl - Not known whether passed class name [model.Equipment] is safe
16:43:42.808 [main] DEBUG org.hibernate.boot.internal.ClassLoaderAccessImpl - No temp ClassLoader provided; using live ClassLoader for loading potentially unsafe class : model.Equipment
16:43:42.808 [main] DEBUG org.hibernate.boot.internal.ClassLoaderAccessImpl - Not known whether passed class name [model.Reservation] is safe
16:43:42.808 [main] DEBUG org.hibernate.boot.internal.ClassLoaderAccessImpl - No temp ClassLoader provided; using live ClassLoader for loading potentially unsafe class : model.Reservation
16:43:42.808 [main] DEBUG org.hibernate.boot.internal.ClassLoaderAccessImpl - Not known whether passed class name [model.Reservation] is safe
16:43:42.808 [main] DEBUG org.hibernate.boot.internal.ClassLoaderAccessImpl - No temp ClassLoader provided; using live ClassLoader for loading potentially unsafe class : model.Reservation
16:43:42.808 [main] DEBUG org.hibernate.persister.entity.AbstractEntityPersister - Static SQL for entity: model.Equipmenttype
16:43:42.808 [main] DEBUG org.hibernate.persister.entity.AbstractEntityPersister -  Version select: select equipmentTypeId from Equipmenttype where equipmentTypeId =?
16:43:42.808 [main] DEBUG org.hibernate.persister.entity.AbstractEntityPersister -  Snapshot select: select equipmentt_.equipmentTypeId, equipmentt_.typeCode as typeCode2_2_, equipmentt_.typeName as typeName3_2_ from Equipmenttype equipmentt_ where equipmentt_.equipmentTypeId=?
16:43:42.808 [main] DEBUG org.hibernate.persister.entity.AbstractEntityPersister -  Insert 0: insert into Equipmenttype (typeCode, typeName, equipmentTypeId) values (?, ?, ?)
16:43:42.808 [main] DEBUG org.hibernate.persister.entity.AbstractEntityPersister -  Update 0: update Equipmenttype set typeCode=?, typeName=? where equipmentTypeId=?
16:43:42.808 [main] DEBUG org.hibernate.persister.entity.AbstractEntityPersister -  Delete 0: delete from Equipmenttype where equipmentTypeId=?
16:43:42.808 [main] DEBUG org.hibernate.persister.entity.AbstractEntityPersister -  Identity insert: insert into Equipmenttype (typeCode, typeName) values (?, ?)
16:43:42.808 [main] DEBUG org.hibernate.loader.plan.build.internal.spaces.QuerySpacesImpl - Adding QuerySpace : uid = <gen:0> -> org.hibernate.loader.plan.build.internal.spaces.EntityQuerySpaceImpl@132d93b0]
16:43:42.808 [main] DEBUG org.hibernate.persister.walking.spi.MetamodelGraphWalker - Visiting attribute path : typeCode
16:43:42.808 [main] DEBUG org.hibernate.persister.walking.spi.MetamodelGraphWalker - Visiting attribute path : typeName
16:43:42.808 [main] DEBUG org.hibernate.loader.plan.build.internal.FetchStyleLoadPlanBuildingAssociationVisitationStrategy - Building LoadPlan...
16:43:42.808 [main] DEBUG org.hibernate.loader.plan.exec.internal.LoadQueryJoinAndFetchProcessor - processing queryspace <gen:0>
16:43:42.808 [main] DEBUG org.hibernate.loader.plan.build.spi.LoadPlanTreePrinter - LoadPlan(entity=model.Equipmenttype)
    - Returns
       - EntityReturnImpl(entity=model.Equipmenttype, querySpaceUid=<gen:0>, path=model.Equipmenttype)
    - QuerySpaces
       - EntityQuerySpaceImpl(uid=<gen:0>, entity=model.Equipmenttype)
          - SQL table alias mapping - equipmentt0_
          - alias suffix - 0_
          - suffixed key columns - {equipmen1_2_0_}

16:43:42.808 [main] DEBUG org.hibernate.loader.entity.plan.EntityLoader - Static select for entity model.Equipmenttype [NONE]: select equipmentt0_.equipmentTypeId as equipmen1_2_0_, equipmentt0_.typeCode as typeCode2_2_0_, equipmentt0_.typeName as typeName3_2_0_ from Equipmenttype equipmentt0_ where equipmentt0_.equipmentTypeId=?
16:43:42.808 [main] DEBUG org.hibernate.loader.plan.build.internal.spaces.QuerySpacesImpl - Adding QuerySpace : uid = <gen:0> -> org.hibernate.loader.plan.build.internal.spaces.EntityQuerySpaceImpl@71f4e45]
16:43:42.808 [main] DEBUG org.hibernate.persister.walking.spi.MetamodelGraphWalker - Visiting attribute path : typeCode
16:43:42.808 [main] DEBUG org.hibernate.persister.walking.spi.MetamodelGraphWalker - Visiting attribute path : typeName
16:43:42.808 [main] DEBUG org.hibernate.loader.plan.build.internal.FetchStyleLoadPlanBuildingAssociationVisitationStrategy - Building LoadPlan...
16:43:42.808 [main] DEBUG org.hibernate.loader.plan.exec.internal.LoadQueryJoinAndFetchProcessor - processing queryspace <gen:0>
16:43:42.808 [main] DEBUG org.hibernate.loader.plan.build.spi.LoadPlanTreePrinter - LoadPlan(entity=model.Equipmenttype)
    - Returns
       - EntityReturnImpl(entity=model.Equipmenttype, querySpaceUid=<gen:0>, path=model.Equipmenttype)
    - QuerySpaces
       - EntityQuerySpaceImpl(uid=<gen:0>, entity=model.Equipmenttype)
          - SQL table alias mapping - equipmentt0_
          - alias suffix - 0_
          - suffixed key columns - {equipmen1_2_0_}

[...]
16:43:42.811 [main] DEBUG org.hibernate.loader.plan.build.internal.spaces.QuerySpacesImpl - Adding QuerySpace : uid = <gen:0> -> org.hibernate.loader.plan.build.internal.spaces.EntityQuerySpaceImpl@4bef2b4]
16:43:42.811 [main] DEBUG org.hibernate.persister.walking.spi.MetamodelGraphWalker - Visiting attribute path : dateReturn
16:43:42.811 [main] DEBUG org.hibernate.persister.walking.spi.MetamodelGraphWalker - Visiting attribute path : dateTake
16:43:42.811 [main] DEBUG org.hibernate.persister.walking.spi.MetamodelGraphWalker - Visiting attribute path : employee
16:43:42.811 [main] DEBUG org.hibernate.loader.plan.build.internal.spaces.QuerySpacesImpl - Adding QuerySpace : uid = <gen:1> -> org.hibernate.loader.plan.build.internal.spaces.EntityQuerySpaceImpl@3d5b07c9]
16:43:42.811 [main] DEBUG org.hibernate.persister.walking.spi.MetamodelGraphWalker - Visiting attribute path : equipment
16:43:42.811 [main] DEBUG org.hibernate.loader.plan.build.internal.spaces.QuerySpacesImpl - Adding QuerySpace : uid = <gen:2> -> org.hibernate.loader.plan.build.internal.spaces.EntityQuerySpaceImpl@1a6e4967]
16:43:42.811 [main] DEBUG org.hibernate.persister.walking.spi.MetamodelGraphWalker - Visiting attribute path : reservationType
16:43:42.811 [main] DEBUG org.hibernate.loader.plan.build.internal.FetchStyleLoadPlanBuildingAssociationVisitationStrategy - Building LoadPlan...
16:43:42.811 [main] DEBUG org.hibernate.loader.plan.exec.internal.LoadQueryJoinAndFetchProcessor - processing queryspace <gen:0>
16:43:42.811 [main] DEBUG org.hibernate.loader.plan.build.spi.LoadPlanTreePrinter - LoadPlan(entity=model.Reservation)
    - Returns
       - EntityReturnImpl(entity=model.Reservation, querySpaceUid=<gen:0>, path=model.Reservation)
          - EntityAttributeFetchImpl(entity=model.Employee, querySpaceUid=<gen:1>, path=model.Reservation.employee)
          - EntityAttributeFetchImpl(entity=model.Equipment, querySpaceUid=<gen:2>, path=model.Reservation.equipment)
    - QuerySpaces
       - EntityQuerySpaceImpl(uid=<gen:0>, entity=model.Reservation)
          - SQL table alias mapping - reservatio0_
          - alias suffix - 0_
          - suffixed key columns - {reservat1_3_0_}

16:43:42.811 [main] DEBUG org.hibernate.loader.entity.plan.EntityLoader - Static select for entity model.Reservation [PESSIMISTIC_READ]: select reservatio0_.reservationId as reservat1_3_0_, reservatio0_.date_return as date_ret2_3_0_, reservatio0_.date_take as date_tak3_3_0_, reservatio0_.employeeKey as employee5_3_0_, reservatio0_.equipmentId as equipmen6_3_0_, reservatio0_.reservationType as reservat4_3_0_ from Reservation reservatio0_ where reservatio0_.reservationId=? lock in share mode
16:43:42.811 [main] DEBUG org.hibernate.loader.plan.build.internal.spaces.QuerySpacesImpl - Adding QuerySpace : uid = <gen:0> -> org.hibernate.loader.plan.build.internal.spaces.EntityQuerySpaceImpl@69b633cc]
16:43:42.811 [main] DEBUG org.hibernate.persister.walking.spi.MetamodelGraphWalker - Visiting attribute path : dateReturn
16:43:42.811 [main] DEBUG org.hibernate.persister.walking.spi.MetamodelGraphWalker - Visiting attribute path : dateTake
16:43:42.811 [main] DEBUG org.hibernate.persister.walking.spi.MetamodelGraphWalker - Visiting attribute path : employee
16:43:42.811 [main] DEBUG org.hibernate.loader.plan.build.internal.spaces.QuerySpacesImpl - Adding QuerySpace : uid = <gen:1> -> org.hibernate.loader.plan.build.internal.spaces.EntityQuerySpaceImpl@ee0a782]
16:43:42.811 [main] DEBUG org.hibernate.persister.walking.spi.MetamodelGraphWalker - Visiting attribute path : equipment
16:43:42.811 [main] DEBUG org.hibernate.loader.plan.build.internal.spaces.QuerySpacesImpl - Adding QuerySpace : uid = <gen:2> -> org.hibernate.loader.plan.build.internal.spaces.EntityQuerySpaceImpl@66ade248]
16:43:42.811 [main] DEBUG org.hibernate.persister.walking.spi.MetamodelGraphWalker - Visiting attribute path : reservationType
16:43:42.811 [main] DEBUG org.hibernate.loader.plan.build.internal.FetchStyleLoadPlanBuildingAssociationVisitationStrategy - Building LoadPlan...
16:43:42.811 [main] DEBUG org.hibernate.loader.plan.exec.internal.LoadQueryJoinAndFetchProcessor - processing queryspace <gen:0>
16:43:42.811 [main] DEBUG org.hibernate.loader.plan.build.spi.LoadPlanTreePrinter - LoadPlan(entity=model.Reservation)
    - Returns
       - EntityReturnImpl(entity=model.Reservation, querySpaceUid=<gen:0>, path=model.Reservation)
          - EntityAttributeFetchImpl(entity=model.Employee, querySpaceUid=<gen:1>, path=model.Reservation.employee)
          - EntityAttributeFetchImpl(entity=model.Equipment, querySpaceUid=<gen:2>, path=model.Reservation.equipment)
    - QuerySpaces
       - EntityQuerySpaceImpl(uid=<gen:0>, entity=model.Reservation)
          - SQL table alias mapping - reservatio0_
          - alias suffix - 0_
          - suffixed key columns - {reservat1_3_0_}

16:43:42.811 [main] DEBUG org.hibernate.loader.entity.plan.EntityLoader - Static select for entity model.Reservation [PESSIMISTIC_WRITE]: select reservatio0_.reservationId as reservat1_3_0_, reservatio0_.date_return as date_ret2_3_0_, reservatio0_.date_take as date_tak3_3_0_, reservatio0_.employeeKey as employee5_3_0_, reservatio0_.equipmentId as equipmen6_3_0_, reservatio0_.reservationType as reservat4_3_0_ from Reservation reservatio0_ where reservatio0_.reservationId=? for update
16:43:42.811 [main] DEBUG org.hibernate.loader.plan.build.internal.spaces.QuerySpacesImpl - Adding QuerySpace : uid = <gen:0> -> org.hibernate.loader.plan.build.internal.spaces.EntityQuerySpaceImpl@3edd8502]
16:43:42.811 [main] DEBUG org.hibernate.persister.walking.spi.MetamodelGraphWalker - Visiting attribute path : dateReturn
16:43:42.811 [main] DEBUG org.hibernate.persister.walking.spi.MetamodelGraphWalker - Visiting attribute path : dateTake
16:43:42.811 [main] DEBUG org.hibernate.persister.walking.spi.MetamodelGraphWalker - Visiting attribute path : employee
16:43:42.811 [main] DEBUG org.hibernate.loader.plan.build.internal.spaces.QuerySpacesImpl - Adding QuerySpace : uid = <gen:1> -> org.hibernate.loader.plan.build.internal.spaces.EntityQuerySpaceImpl@5a86407e]
16:43:42.811 [main] DEBUG org.hibernate.persister.walking.spi.MetamodelGraphWalker - Visiting attribute path : equipment
16:43:42.811 [main] DEBUG org.hibernate.loader.plan.build.internal.spaces.QuerySpacesImpl - Adding QuerySpace : uid = <gen:2> -> org.hibernate.loader.plan.build.internal.spaces.EntityQuerySpaceImpl@53b056c4]
16:43:42.811 [main] DEBUG org.hibernate.persister.walking.spi.MetamodelGraphWalker - Visiting attribute path : reservationType
16:43:42.811 [main] DEBUG org.hibernate.loader.plan.build.internal.FetchStyleLoadPlanBuildingAssociationVisitationStrategy - Building LoadPlan...
16:43:42.811 [main] DEBUG org.hibernate.loader.plan.exec.internal.LoadQueryJoinAndFetchProcessor - processing queryspace <gen:0>
16:43:42.811 [main] DEBUG org.hibernate.loader.plan.build.spi.LoadPlanTreePrinter - LoadPlan(entity=model.Reservation)
    - Returns
       - EntityReturnImpl(entity=model.Reservation, querySpaceUid=<gen:0>, path=model.Reservation)
          - EntityAttributeFetchImpl(entity=model.Employee, querySpaceUid=<gen:1>, path=model.Reservation.employee)
          - EntityAttributeFetchImpl(entity=model.Equipment, querySpaceUid=<gen:2>, path=model.Reservation.equipment)
    - QuerySpaces
       - EntityQuerySpaceImpl(uid=<gen:0>, entity=model.Reservation)
          - SQL table alias mapping - reservatio0_
          - alias suffix - 0_
          - suffixed key columns - {reservat1_3_0_}

16:43:42.811 [main] DEBUG org.hibernate.loader.entity.plan.EntityLoader - Static select for entity model.Reservation [PESSIMISTIC_FORCE_INCREMENT]: select reservatio0_.reservationId as reservat1_3_0_, reservatio0_.date_return as date_ret2_3_0_, reservatio0_.date_take as date_tak3_3_0_, reservatio0_.employeeKey as employee5_3_0_, reservatio0_.equipmentId as equipmen6_3_0_, reservatio0_.reservationType as reservat4_3_0_ from Reservation reservatio0_ where reservatio0_.reservationId=? for update
16:43:42.811 [main] DEBUG org.hibernate.loader.plan.build.internal.spaces.QuerySpacesImpl - Adding QuerySpace : uid = <gen:0> -> org.hibernate.loader.plan.build.internal.spaces.EntityQuerySpaceImpl@1172c25]
16:43:42.811 [main] DEBUG org.hibernate.persister.walking.spi.MetamodelGraphWalker - Visiting attribute path : dateReturn
16:43:42.811 [main] DEBUG org.hibernate.persister.walking.spi.MetamodelGraphWalker - Visiting attribute path : dateTake
16:43:42.811 [main] DEBUG org.hibernate.persister.walking.spi.MetamodelGraphWalker - Visiting attribute path : employee
16:43:42.811 [main] DEBUG org.hibernate.loader.plan.build.internal.spaces.QuerySpacesImpl - Adding QuerySpace : uid = <gen:1> -> org.hibernate.loader.plan.build.internal.spaces.EntityQuerySpaceImpl@31f8f123]
16:43:42.811 [main] DEBUG org.hibernate.persister.walking.spi.MetamodelGraphWalker - Visiting attribute path : equipment
16:43:42.811 [main] DEBUG org.hibernate.loader.plan.build.internal.spaces.QuerySpacesImpl - Adding QuerySpace : uid = <gen:2> -> org.hibernate.loader.plan.build.internal.spaces.EntityQuerySpaceImpl@60af97ae]
16:43:42.811 [main] DEBUG org.hibernate.persister.walking.spi.MetamodelGraphWalker - Visiting attribute path : reservationType
16:43:42.811 [main] DEBUG org.hibernate.loader.plan.build.internal.FetchStyleLoadPlanBuildingAssociationVisitationStrategy - Building LoadPlan...
16:43:42.811 [main] DEBUG org.hibernate.loader.plan.exec.internal.LoadQueryJoinAndFetchProcessor - processing queryspace <gen:0>
16:43:42.811 [main] DEBUG org.hibernate.loader.plan.build.spi.LoadPlanTreePrinter - LoadPlan(entity=model.Reservation)
    - Returns
       - EntityReturnImpl(entity=model.Reservation, querySpaceUid=<gen:0>, path=model.Reservation)
          - EntityAttributeFetchImpl(entity=model.Employee, querySpaceUid=<gen:1>, path=model.Reservation.employee)
          - EntityAttributeFetchImpl(entity=model.Equipment, querySpaceUid=<gen:2>, path=model.Reservation.equipment)
    - QuerySpaces
       - EntityQuerySpaceImpl(uid=<gen:0>, entity=model.Reservation)
          - SQL table alias mapping - reservatio0_
          - alias suffix - 0_
          - suffixed key columns - {reservat1_3_0_}

16:43:42.811 [main] DEBUG org.hibernate.loader.entity.plan.EntityLoader - Static select for entity model.Reservation [OPTIMISTIC]: select reservatio0_.reservationId as reservat1_3_0_, reservatio0_.date_return as date_ret2_3_0_, reservatio0_.date_take as date_tak3_3_0_, reservatio0_.employeeKey as employee5_3_0_, reservatio0_.equipmentId as equipmen6_3_0_, reservatio0_.reservationType as reservat4_3_0_ from Reservation reservatio0_ where reservatio0_.reservationId=?
16:43:42.811 [main] DEBUG org.hibernate.loader.plan.build.internal.spaces.QuerySpacesImpl - Adding QuerySpace : uid = <gen:0> -> org.hibernate.loader.plan.build.internal.spaces.EntityQuerySpaceImpl@58e1f99a]
16:43:42.811 [main] DEBUG org.hibernate.persister.walking.spi.MetamodelGraphWalker - Visiting attribute path : dateReturn
16:43:42.811 [main] DEBUG org.hibernate.persister.walking.spi.MetamodelGraphWalker - Visiting attribute path : dateTake
16:43:42.811 [main] DEBUG org.hibernate.persister.walking.spi.MetamodelGraphWalker - Visiting attribute path : employee
16:43:42.811 [main] DEBUG org.hibernate.loader.plan.build.internal.spaces.QuerySpacesImpl - Adding QuerySpace : uid = <gen:1> -> org.hibernate.loader.plan.build.internal.spaces.EntityQuerySpaceImpl@597a23cb]
16:43:42.811 [main] DEBUG org.hibernate.persister.walking.spi.MetamodelGraphWalker - Visiting attribute path : equipment
16:43:42.811 [main] DEBUG org.hibernate.loader.plan.build.internal.spaces.QuerySpacesImpl - Adding QuerySpace : uid = <gen:2> -> org.hibernate.loader.plan.build.internal.spaces.EntityQuerySpaceImpl@45f4cdad]
16:43:42.811 [main] DEBUG org.hibernate.persister.walking.spi.MetamodelGraphWalker - Visiting attribute path : reservationType
16:43:42.811 [main] DEBUG org.hibernate.loader.plan.build.internal.FetchStyleLoadPlanBuildingAssociationVisitationStrategy - Building LoadPlan...
16:43:42.811 [main] DEBUG org.hibernate.loader.plan.exec.internal.LoadQueryJoinAndFetchProcessor - processing queryspace <gen:0>
16:43:42.811 [main] DEBUG org.hibernate.loader.plan.build.spi.LoadPlanTreePrinter - LoadPlan(entity=model.Reservation)
    - Returns
       - EntityReturnImpl(entity=model.Reservation, querySpaceUid=<gen:0>, path=model.Reservation)
          - EntityAttributeFetchImpl(entity=model.Employee, querySpaceUid=<gen:1>, path=model.Reservation.employee)
          - EntityAttributeFetchImpl(entity=model.Equipment, querySpaceUid=<gen:2>, path=model.Reservation.equipment)
    - QuerySpaces
       - EntityQuerySpaceImpl(uid=<gen:0>, entity=model.Reservation)
          - SQL table alias mapping - reservatio0_
          - alias suffix - 0_
          - suffixed key columns - {reservat1_3_0_}

16:43:42.811 [main] DEBUG org.hibernate.loader.entity.plan.EntityLoader - Static select for entity model.Reservation [OPTIMISTIC_FORCE_INCREMENT]: select reservatio0_.reservationId as reservat1_3_0_, reservatio0_.date_return as date_ret2_3_0_, reservatio0_.date_take as date_tak3_3_0_, reservatio0_.employeeKey as employee5_3_0_, reservatio0_.equipmentId as equipmen6_3_0_, reservatio0_.reservationType as reservat4_3_0_ from Reservation reservatio0_ where reservatio0_.reservationId=?
16:43:42.811 [main] DEBUG org.hibernate.loader.Loader - Static select for action ACTION_MERGE on entity model.Reservation: select reservatio0_.reservationId as reservat1_3_0_, reservatio0_.date_return as date_ret2_3_0_, reservatio0_.date_take as date_tak3_3_0_, reservatio0_.employeeKey as employee5_3_0_, reservatio0_.equipmentId as equipmen6_3_0_, reservatio0_.reservationType as reservat4_3_0_ from Reservation reservatio0_ where reservatio0_.reservationId=?
16:43:42.811 [main] DEBUG org.hibernate.loader.Loader - Static select for action ACTION_REFRESH on entity model.Reservation: select reservatio0_.reservationId as reservat1_3_0_, reservatio0_.date_return as date_ret2_3_0_, reservatio0_.date_take as date_tak3_3_0_, reservatio0_.employeeKey as employee5_3_0_, reservatio0_.equipmentId as equipmen6_3_0_, reservatio0_.reservationType as reservat4_3_0_ from Reservation reservatio0_ where reservatio0_.reservationId=?
16:43:42.811 [main] DEBUG org.hibernate.internal.SessionFactoryImpl - Instantiated session factory
16:43:42.811 [main] DEBUG org.hibernate.engine.transaction.jta.platform.internal.JtaPlatformInitiator - No JtaPlatform was specified, checking resolver
16:43:42.811 [main] DEBUG org.hibernate.engine.transaction.jta.platform.internal.JtaPlatformResolverInitiator - No JtaPlatformResolver was specified, using default [org.hibernate.engine.transaction.jta.platform.internal.StandardJtaPlatformResolver]
16:43:42.812 [main] DEBUG org.hibernate.engine.transaction.jta.platform.internal.StandardJtaPlatformResolver - Could not resolve JtaPlatform, using default [org.hibernate.engine.transaction.jta.platform.internal.NoJtaPlatform]
16:43:42.812 [main] DEBUG org.hibernate.internal.NamedQueryRepository - Checking 0 named HQL queries
16:43:42.812 [main] DEBUG org.hibernate.internal.NamedQueryRepository - Checking 20 named SQL queries
16:43:42.812 [main] DEBUG org.hibernate.internal.NamedQueryRepository - Checking named SQL query: Employee.findByEmployeeId
16:43:42.812 [main] DEBUG org.hibernate.internal.NamedQueryRepository - Checking named SQL query: Equipment.findEnabledByType
16:43:42.813 [main] DEBUG org.hibernate.internal.NamedQueryRepository - Checking named SQL query: Reservation.findBySerial
16:43:42.813 [main] DEBUG org.hibernate.internal.NamedQueryRepository - Checking named SQL query: Equipment.findByType
16:43:42.813 [main] DEBUG org.hibernate.internal.NamedQueryRepository - Checking named SQL query: Reservation.findOpenBySerial
16:43:42.813 [main] DEBUG org.hibernate.internal.NamedQueryRepository - Checking named SQL query: Equipment.findAll
16:43:42.813 [main] DEBUG org.hibernate.internal.NamedQueryRepository - Checking named SQL query: Equipment.findByEquipmentId
16:43:42.813 [main] DEBUG org.hibernate.internal.NamedQueryRepository - Checking named SQL query: Equipment.findAllOrderedByTypeName
16:43:42.813 [main] DEBUG org.hibernate.internal.NamedQueryRepository - Checking named SQL query: Equipmenttype.findByEquipmentTypeId
16:43:42.813 [main] DEBUG org.hibernate.internal.NamedQueryRepository - Checking named SQL query: Reservation.findByEquipmentId
16:43:42.813 [main] DEBUG org.hibernate.internal.NamedQueryRepository - Checking named SQL query: Reservation.findBySerialAndDate
16:43:42.813 [main] DEBUG org.hibernate.internal.NamedQueryRepository - Checking named SQL query: Reservation.findByType
16:43:42.813 [main] DEBUG org.hibernate.internal.NamedQueryRepository - Checking named SQL query: Employee.findAll
16:43:42.813 [main] DEBUG org.hibernate.internal.NamedQueryRepository - Checking named SQL query: Equipment.findBySerial
16:43:42.813 [main] DEBUG org.hibernate.internal.NamedQueryRepository - Checking named SQL query: Equipmenttype.findAll
16:43:42.813 [main] DEBUG org.hibernate.internal.NamedQueryRepository - Checking named SQL query: Equipmenttype.findByTypeCode
16:43:42.813 [main] DEBUG org.hibernate.internal.NamedQueryRepository - Checking named SQL query: Reservation.findOpen
16:43:42.813 [main] DEBUG org.hibernate.internal.NamedQueryRepository - Checking named SQL query: Equipmenttype.findEquipmenttypesWithEquipment
16:43:42.813 [main] DEBUG org.hibernate.internal.NamedQueryRepository - Checking named SQL query: Reservation.findOpenByEmployeeId
16:43:42.813 [main] DEBUG org.hibernate.internal.NamedQueryRepository - Checking named SQL query: Reservation.findAll
16:43:42.813 [main] DEBUG org.hibernate.internal.SessionFactoryRegistry - Registering SessionFactory: c8fc5bb2-c9f5-4215-9dd6-67e32273c30b (<unnamed>)
16:43:42.813 [main] DEBUG org.hibernate.internal.SessionFactoryRegistry - Not binding SessionFactory to JNDI, no JNDI name configured
16:43:42.813 [main] DEBUG org.hibernate.jpa.internal.schemagen.JpaSchemaGenerator - No actions specified; doing nothing
16:43:42.813 [main] DEBUG org.hibernate.jpa.internal.EntityManagerFactoryRegistry - Registering EntityManagerFactory: EquipmentManager 
16:43:42.813 [main] WARN org.hibernate.jpa.internal.EntityManagerFactoryRegistry - HHH000436: Entity manager factory name (EquipmentManager) is already registered.  If entity manager will be clustered or passivated, specify a unique value for property 'hibernate.ejb.entitymanager_factory_name'
16:43:42.813 [main] DEBUG org.hibernate.internal.SessionFactoryImpl - HHH000031: Closing
16:43:42.813 [main] DEBUG org.hibernate.service.internal.AbstractServiceRegistryImpl - Implicitly destroying ServiceRegistry on de-registration of all child ServiceRegistries
16:43:42.813 [main] INFO org.hibernate.orm.connections - HHH10001008: Cleaning up connection pool [jdbc:mysql://localhost:3306/emanager_testdb]
16:43:42.814 [main] DEBUG org.hibernate.boot.registry.internal.BootstrapServiceRegistryImpl - Implicitly destroying Boot-strap registry on de-registration of all child ServiceRegistries
16:43:42.814 [main] DEBUG org.hibernate.jpa.internal.EntityManagerFactoryRegistry - Remove: name=EquipmentManager
]]></system-out>
    <system-err><![CDATA[Fri Apr 06 16:43:42 EEST 2018 WARN: Establishing SSL connection without server's identity verification is not recommended. According to MySQL 5.5.45+, 5.6.26+ and 5.7.6+ requirements SSL connection must be established by default if explicit option isn't set. For compliance with existing applications not using SSL the verifyServerCertificate property is set to 'false'. You need either to explicitly disable SSL by setting useSSL=false, or set useSSL=true and provide truststore for server certificate verification.
]]></system-err>
  </testcase>
</testsuite>